TN:
SF:C:\Repos\retroachievements-api-net\src\RetroAchievements.Api\AchievementsApi.cs
FN:21,GetAchievementUnlocks(RetroAchievements.Api.RetroAchievementsHttpClient,System.Int32,System.Int32,System.Int32,RetroAchievements.Api.RetroAchievementsAuthenticationData)
FN:15,GetAchievementUnlocksAsync()
FN:22,GetAchievementUnlocks(RetroAchievements.Api.RetroAchievementsHttpClient,System.Int32,System.Int32,System.Int32,RetroAchievements.Api.RetroAchievementsAuthenticationData)
FN:16,GetAchievementUnlocksAsync()
FNDA:2,GetAchievementUnlocks(RetroAchievements.Api.RetroAchievementsHttpClient,System.Int32,System.Int32,System.Int32,RetroAchievements.Api.RetroAchievementsAuthenticationData)
FNDA:2,GetAchievementUnlocksAsync()
FNDA:4,GetAchievementUnlocks(RetroAchievements.Api.RetroAchievementsHttpClient,System.Int32,System.Int32,System.Int32,RetroAchievements.Api.RetroAchievementsAuthenticationData)
FNDA:4,GetAchievementUnlocksAsync()
FNF:4
FNH:4
BRF:0
BRH:0
DA:15,2
DA:16,4
DA:17,4
DA:21,2
DA:22,4
DA:23,2
LH:6
LF:6
end_of_record
SF:C:\Repos\retroachievements-api-net\src\RetroAchievements.Api\BaseApi.cs
FN:22,Send(RetroAchievements.Api.RetroAchievementsHttpClient,RetroAchievements.Api.Request.IRetroAchievementsRequest`1<TResponse>,RetroAchievements.Api.RetroAchievementsAuthenticationData)
FN:16,SendAsync()
FN:23,Send(RetroAchievements.Api.RetroAchievementsHttpClient,RetroAchievements.Api.Request.IRetroAchievementsRequest`1<TResponse>,RetroAchievements.Api.RetroAchievementsAuthenticationData)
FN:17,SendAsync()
FNDA:12,Send(RetroAchievements.Api.RetroAchievementsHttpClient,RetroAchievements.Api.Request.IRetroAchievementsRequest`1<TResponse>,RetroAchievements.Api.RetroAchievementsAuthenticationData)
FNDA:15,SendAsync()
FNDA:26,Send(RetroAchievements.Api.RetroAchievementsHttpClient,RetroAchievements.Api.Request.IRetroAchievementsRequest`1<TResponse>,RetroAchievements.Api.RetroAchievementsAuthenticationData)
FNDA:32,SendAsync()
FNF:4
FNH:4
BRF:0
BRH:0
DA:16,15
DA:17,32
DA:18,26
DA:22,12
DA:23,26
DA:24,10
LH:6
LF:6
end_of_record
SF:C:\Repos\retroachievements-api-net\src\RetroAchievements.Api\ConsolesApi.cs
FN:21,GetConsoleIds(RetroAchievements.Api.RetroAchievementsHttpClient,RetroAchievements.Api.RetroAchievementsAuthenticationData)
FN:35,GetGamesList(RetroAchievements.Api.RetroAchievementsHttpClient,System.Int32,System.Boolean,System.Boolean,RetroAchievements.Api.RetroAchievementsAuthenticationData)
FN:15,GetConsoleIdsAsync()
FN:29,GetGamesListAsync()
FN:22,GetConsoleIds(RetroAchievements.Api.RetroAchievementsHttpClient,RetroAchievements.Api.RetroAchievementsAuthenticationData)
FN:36,GetGamesList(RetroAchievements.Api.RetroAchievementsHttpClient,System.Int32,System.Boolean,System.Boolean,RetroAchievements.Api.RetroAchievementsAuthenticationData)
FN:16,GetConsoleIdsAsync()
FN:30,GetGamesListAsync()
FNDA:1,GetConsoleIds(RetroAchievements.Api.RetroAchievementsHttpClient,RetroAchievements.Api.RetroAchievementsAuthenticationData)
FNDA:2,GetGamesList(RetroAchievements.Api.RetroAchievementsHttpClient,System.Int32,System.Boolean,System.Boolean,RetroAchievements.Api.RetroAchievementsAuthenticationData)
FNDA:1,GetConsoleIdsAsync()
FNDA:5,GetGamesListAsync()
FNDA:2,GetConsoleIds(RetroAchievements.Api.RetroAchievementsHttpClient,RetroAchievements.Api.RetroAchievementsAuthenticationData)
FNDA:4,GetGamesList(RetroAchievements.Api.RetroAchievementsHttpClient,System.Int32,System.Boolean,System.Boolean,RetroAchievements.Api.RetroAchievementsAuthenticationData)
FNDA:2,GetConsoleIdsAsync()
FNDA:10,GetGamesListAsync()
FNF:8
FNH:8
BRF:0
BRH:0
DA:15,1
DA:16,2
DA:17,2
DA:21,1
DA:22,2
DA:23,1
DA:29,5
DA:30,10
DA:31,10
DA:35,2
DA:36,4
DA:37,2
LH:12
LF:12
end_of_record
SF:C:\Repos\retroachievements-api-net\src\RetroAchievements.Api\Exceptions\ArgumentExceptionGuard.cs
FN:6,ThrowIfEmpty(System.Collections.Generic.IEnumerable`1<T>,System.String)
FN:12,ThrowIfGreaterThan(System.Int32,System.String,System.Int32)
FN:7,ThrowIfEmpty(System.Collections.Generic.IEnumerable`1<T>,System.String)
FN:13,ThrowIfGreaterThan(System.Int32,System.String,System.Int32)
FNDA:0,ThrowIfEmpty(System.Collections.Generic.IEnumerable`1<T>,System.String)
FNDA:11,ThrowIfGreaterThan(System.Int32,System.String,System.Int32)
FNDA:0,ThrowIfEmpty(System.Collections.Generic.IEnumerable`1<T>,System.String)
FNDA:24,ThrowIfGreaterThan(System.Int32,System.String,System.Int32)
FNF:4
FNH:2
BRDA:7,7,0,-
BRDA:7,7,1,-
BRDA:13,13,2,5
BRDA:13,13,3,2
BRF:4
BRH:2
DA:6,0
DA:7,0
DA:8,0
DA:9,0
DA:12,11
DA:13,24
DA:14,2
DA:15,22
LH:4
LF:8
end_of_record
SF:C:\Repos\retroachievements-api-net\src\RetroAchievements.Api\Exceptions\MissingAuthenticationDataException.cs
FN:6,.ctor()
FNDA:6,.ctor()
FNF:1
FNH:1
BRF:0
BRH:0
DA:6,6
DA:7,6
DA:8,8
LH:3
LF:3
end_of_record
SF:C:\Repos\retroachievements-api-net\src\RetroAchievements.Api\FeedApi.cs
FN:21,GetAchievementOfTheWeek(RetroAchievements.Api.RetroAchievementsHttpClient,RetroAchievements.Api.RetroAchievementsAuthenticationData)
FN:35,GetActiveClaims(RetroAchievements.Api.RetroAchievementsHttpClient,RetroAchievements.Api.RetroAchievementsAuthenticationData)
FN:49,GetClaims(RetroAchievements.Api.RetroAchievementsHttpClient,RetroAchievements.Api.Requests.Enums.ClaimKind,RetroAchievements.Api.RetroAchievementsAuthenticationData)
FN:63,GetTopTenUsers(RetroAchievements.Api.RetroAchievementsHttpClient,RetroAchievements.Api.RetroAchievementsAuthenticationData)
FN:15,GetAchievementOfTheWeekAsync()
FN:29,GetActiveClaimsAsync()
FN:43,GetClaimsAsync()
FN:57,GetTopTenUsersAsync()
FN:22,GetAchievementOfTheWeek(RetroAchievements.Api.RetroAchievementsHttpClient,RetroAchievements.Api.RetroAchievementsAuthenticationData)
FN:36,GetActiveClaims(RetroAchievements.Api.RetroAchievementsHttpClient,RetroAchievements.Api.RetroAchievementsAuthenticationData)
FN:50,GetClaims(RetroAchievements.Api.RetroAchievementsHttpClient,RetroAchievements.Api.Requests.Enums.ClaimKind,RetroAchievements.Api.RetroAchievementsAuthenticationData)
FN:64,GetTopTenUsers(RetroAchievements.Api.RetroAchievementsHttpClient,RetroAchievements.Api.RetroAchievementsAuthenticationData)
FN:16,GetAchievementOfTheWeekAsync()
FN:30,GetActiveClaimsAsync()
FN:44,GetClaimsAsync()
FN:58,GetTopTenUsersAsync()
FNDA:0,GetAchievementOfTheWeek(RetroAchievements.Api.RetroAchievementsHttpClient,RetroAchievements.Api.RetroAchievementsAuthenticationData)
FNDA:0,GetActiveClaims(RetroAchievements.Api.RetroAchievementsHttpClient,RetroAchievements.Api.RetroAchievementsAuthenticationData)
FNDA:0,GetClaims(RetroAchievements.Api.RetroAchievementsHttpClient,RetroAchievements.Api.Requests.Enums.ClaimKind,RetroAchievements.Api.RetroAchievementsAuthenticationData)
FNDA:0,GetTopTenUsers(RetroAchievements.Api.RetroAchievementsHttpClient,RetroAchievements.Api.RetroAchievementsAuthenticationData)
FNDA:0,GetAchievementOfTheWeekAsync()
FNDA:0,GetActiveClaimsAsync()
FNDA:0,GetClaimsAsync()
FNDA:0,GetTopTenUsersAsync()
FNDA:0,GetAchievementOfTheWeek(RetroAchievements.Api.RetroAchievementsHttpClient,RetroAchievements.Api.RetroAchievementsAuthenticationData)
FNDA:0,GetActiveClaims(RetroAchievements.Api.RetroAchievementsHttpClient,RetroAchievements.Api.RetroAchievementsAuthenticationData)
FNDA:0,GetClaims(RetroAchievements.Api.RetroAchievementsHttpClient,RetroAchievements.Api.Requests.Enums.ClaimKind,RetroAchievements.Api.RetroAchievementsAuthenticationData)
FNDA:0,GetTopTenUsers(RetroAchievements.Api.RetroAchievementsHttpClient,RetroAchievements.Api.RetroAchievementsAuthenticationData)
FNDA:0,GetAchievementOfTheWeekAsync()
FNDA:0,GetActiveClaimsAsync()
FNDA:0,GetClaimsAsync()
FNDA:0,GetTopTenUsersAsync()
FNF:16
FNH:0
BRF:0
BRH:0
DA:15,0
DA:16,0
DA:17,0
DA:21,0
DA:22,0
DA:23,0
DA:29,0
DA:30,0
DA:31,0
DA:35,0
DA:36,0
DA:37,0
DA:43,0
DA:44,0
DA:45,0
DA:49,0
DA:50,0
DA:51,0
DA:57,0
DA:58,0
DA:59,0
DA:63,0
DA:64,0
DA:65,0
LH:0
LF:24
end_of_record
SF:C:\Repos\retroachievements-api-net\src\RetroAchievements.Api\GamesApi.cs
FN:20,GetAchievementIdentifiers(RetroAchievements.Api.RetroAchievementsHttpClient,System.Int32,RetroAchievements.Api.RetroAchievementsAuthenticationData)
FN:34,GetAchievementDistribution(RetroAchievements.Api.RetroAchievementsHttpClient,System.Int32,System.Boolean,System.Boolean,RetroAchievements.Api.RetroAchievementsAuthenticationData)
FN:48,GetGameData(RetroAchievements.Api.RetroAchievementsHttpClient,System.Int32,RetroAchievements.Api.RetroAchievementsAuthenticationData)
FN:62,GetGameExtendedData(RetroAchievements.Api.RetroAchievementsHttpClient,System.Int32,RetroAchievements.Api.RetroAchievementsAuthenticationData)
FN:76,GetGameRankAndScore(RetroAchievements.Api.RetroAchievementsHttpClient,System.Int32,RetroAchievements.Api.Requests.Games.RankType,RetroAchievements.Api.RetroAchievementsAuthenticationData)
FN:91,GetGameRating(RetroAchievements.Api.RetroAchievementsHttpClient,System.Int32,RetroAchievements.Api.RetroAchievementsAuthenticationData)
FN:28,GetAchievementDistributionAsync()
FN:14,GetAchievementIdentifiersAsync()
FN:42,GetGameDataAsync()
FN:56,GetGameExtendedDataAsync()
FN:70,GetGameRankAndScoreAsync()
FN:85,GetGameRatingAsync()
FN:21,GetAchievementIdentifiers(RetroAchievements.Api.RetroAchievementsHttpClient,System.Int32,RetroAchievements.Api.RetroAchievementsAuthenticationData)
FN:35,GetAchievementDistribution(RetroAchievements.Api.RetroAchievementsHttpClient,System.Int32,System.Boolean,System.Boolean,RetroAchievements.Api.RetroAchievementsAuthenticationData)
FN:49,GetGameData(RetroAchievements.Api.RetroAchievementsHttpClient,System.Int32,RetroAchievements.Api.RetroAchievementsAuthenticationData)
FN:63,GetGameExtendedData(RetroAchievements.Api.RetroAchievementsHttpClient,System.Int32,RetroAchievements.Api.RetroAchievementsAuthenticationData)
FN:77,GetGameRankAndScore(RetroAchievements.Api.RetroAchievementsHttpClient,System.Int32,RetroAchievements.Api.Requests.Games.RankType,RetroAchievements.Api.RetroAchievementsAuthenticationData)
FN:92,GetGameRating(RetroAchievements.Api.RetroAchievementsHttpClient,System.Int32,RetroAchievements.Api.RetroAchievementsAuthenticationData)
FN:29,GetAchievementDistributionAsync()
FN:15,GetAchievementIdentifiersAsync()
FN:43,GetGameDataAsync()
FN:57,GetGameExtendedDataAsync()
FN:71,GetGameRankAndScoreAsync()
FN:86,GetGameRatingAsync()
FNDA:0,GetAchievementIdentifiers(RetroAchievements.Api.RetroAchievementsHttpClient,System.Int32,RetroAchievements.Api.RetroAchievementsAuthenticationData)
FNDA:0,GetAchievementDistribution(RetroAchievements.Api.RetroAchievementsHttpClient,System.Int32,System.Boolean,System.Boolean,RetroAchievements.Api.RetroAchievementsAuthenticationData)
FNDA:0,GetGameData(RetroAchievements.Api.RetroAchievementsHttpClient,System.Int32,RetroAchievements.Api.RetroAchievementsAuthenticationData)
FNDA:0,GetGameExtendedData(RetroAchievements.Api.RetroAchievementsHttpClient,System.Int32,RetroAchievements.Api.RetroAchievementsAuthenticationData)
FNDA:0,GetGameRankAndScore(RetroAchievements.Api.RetroAchievementsHttpClient,System.Int32,RetroAchievements.Api.Requests.Games.RankType,RetroAchievements.Api.RetroAchievementsAuthenticationData)
FNDA:0,GetGameRating(RetroAchievements.Api.RetroAchievementsHttpClient,System.Int32,RetroAchievements.Api.RetroAchievementsAuthenticationData)
FNDA:0,GetAchievementDistributionAsync()
FNDA:0,GetAchievementIdentifiersAsync()
FNDA:0,GetGameDataAsync()
FNDA:0,GetGameExtendedDataAsync()
FNDA:0,GetGameRankAndScoreAsync()
FNDA:0,GetGameRatingAsync()
FNDA:0,GetAchievementIdentifiers(RetroAchievements.Api.RetroAchievementsHttpClient,System.Int32,RetroAchievements.Api.RetroAchievementsAuthenticationData)
FNDA:0,GetAchievementDistribution(RetroAchievements.Api.RetroAchievementsHttpClient,System.Int32,System.Boolean,System.Boolean,RetroAchievements.Api.RetroAchievementsAuthenticationData)
FNDA:0,GetGameData(RetroAchievements.Api.RetroAchievementsHttpClient,System.Int32,RetroAchievements.Api.RetroAchievementsAuthenticationData)
FNDA:0,GetGameExtendedData(RetroAchievements.Api.RetroAchievementsHttpClient,System.Int32,RetroAchievements.Api.RetroAchievementsAuthenticationData)
FNDA:0,GetGameRankAndScore(RetroAchievements.Api.RetroAchievementsHttpClient,System.Int32,RetroAchievements.Api.Requests.Games.RankType,RetroAchievements.Api.RetroAchievementsAuthenticationData)
FNDA:0,GetGameRating(RetroAchievements.Api.RetroAchievementsHttpClient,System.Int32,RetroAchievements.Api.RetroAchievementsAuthenticationData)
FNDA:0,GetAchievementDistributionAsync()
FNDA:0,GetAchievementIdentifiersAsync()
FNDA:0,GetGameDataAsync()
FNDA:0,GetGameExtendedDataAsync()
FNDA:0,GetGameRankAndScoreAsync()
FNDA:0,GetGameRatingAsync()
FNF:24
FNH:0
BRF:0
BRH:0
DA:14,0
DA:15,0
DA:16,0
DA:20,0
DA:21,0
DA:22,0
DA:28,0
DA:29,0
DA:30,0
DA:34,0
DA:35,0
DA:36,0
DA:42,0
DA:43,0
DA:44,0
DA:48,0
DA:49,0
DA:50,0
DA:56,0
DA:57,0
DA:58,0
DA:62,0
DA:63,0
DA:64,0
DA:70,0
DA:71,0
DA:72,0
DA:76,0
DA:77,0
DA:78,0
DA:85,0
DA:86,0
DA:87,0
DA:91,0
DA:92,0
DA:93,0
LH:0
LF:36
end_of_record
SF:C:\Repos\retroachievements-api-net\src\RetroAchievements.Api\Internal\Json\Converters\DateTimeCustomApiFormatConverter.cs
FN:11,Read(System.Text.Json.Utf8JsonReader&,System.Type,System.Text.Json.JsonSerializerOptions)
FN:44,Write(System.Text.Json.Utf8JsonWriter,System.DateTime,System.Text.Json.JsonSerializerOptions)
FN:14,Read(System.Text.Json.Utf8JsonReader&,System.Type,System.Text.Json.JsonSerializerOptions)
FN:45,Write(System.Text.Json.Utf8JsonWriter,System.DateTime,System.Text.Json.JsonSerializerOptions)
FNDA:3512,Read(System.Text.Json.Utf8JsonReader&,System.Type,System.Text.Json.JsonSerializerOptions)
FNDA:0,Write(System.Text.Json.Utf8JsonWriter,System.DateTime,System.Text.Json.JsonSerializerOptions)
FNDA:7024,Read(System.Text.Json.Utf8JsonReader&,System.Type,System.Text.Json.JsonSerializerOptions)
FNDA:0,Write(System.Text.Json.Utf8JsonWriter,System.DateTime,System.Text.Json.JsonSerializerOptions)
FNF:4
FNH:2
BRDA:14,14,4,4
BRDA:14,14,5,4
BRDA:19,19,6,4
BRDA:19,19,7,-
BRDA:24,24,8,4
BRDA:24,24,9,-
BRDA:29,29,10,4
BRDA:29,29,11,-
BRF:8
BRH:5
DA:11,3512
DA:12,3512
DA:14,7024
DA:15,7024
DA:16,1602
DA:17,3204
DA:19,3820
DA:20,3820
DA:21,0
DA:22,0
DA:24,3820
DA:25,3820
DA:26,0
DA:27,0
DA:29,3820
DA:30,3820
DA:31,0
DA:32,0
DA:35,1910
DA:36,3820
DA:41,3512
DA:44,0
DA:45,0
DA:46,0
LH:15
LF:24
end_of_record
SF:C:\Repos\retroachievements-api-net\src\RetroAchievements.Api\Internal\Json\Converters\NumberApiToBooleanConverter.cs
FN:9,Write(System.Text.Json.Utf8JsonWriter,System.Boolean,System.Text.Json.JsonSerializerOptions)
FN:12,Read(System.Text.Json.Utf8JsonReader&,System.Type,System.Text.Json.JsonSerializerOptions)
FNDA:0,Write(System.Text.Json.Utf8JsonWriter,System.Boolean,System.Text.Json.JsonSerializerOptions)
FNDA:400,Read(System.Text.Json.Utf8JsonReader&,System.Type,System.Text.Json.JsonSerializerOptions)
FNF:2
FNH:1
BRDA:12,12,12,2
BRDA:12,12,13,-
BRDA:12,12,14,-
BRDA:12,12,15,-
BRDA:12,12,16,-
BRDA:16,16,17,-
BRDA:16,16,18,-
BRDA:16,16,19,-
BRDA:16,16,20,-
BRDA:16,16,21,-
BRDA:16,16,22,-
BRDA:20,20,23,2
BRDA:20,20,24,-
BRDA:20,20,25,-
BRDA:20,20,26,-
BRF:15
BRH:2
DA:9,0
DA:12,400
DA:13,400
DA:14,0
DA:15,0
DA:16,0
DA:17,0
DA:18,0
DA:19,0
DA:20,400
DA:21,0
DA:22,400
LH:4
LF:12
end_of_record
SF:C:\Repos\retroachievements-api-net\src\RetroAchievements.Api\Internal\Json\ResponseBuilder.cs
FN:37,FromResponse(System.IO.Stream,System.Net.HttpStatusCode)
FN:65,ReadStreamToString(System.IO.Stream)
FN:10,FromResponseAsync()
FN:71,ReadStreamToStringAsync()
FN:41,FromResponse(System.IO.Stream,System.Net.HttpStatusCode)
FN:66,ReadStreamToString(System.IO.Stream)
FN:13,FromResponseAsync()
FN:72,ReadStreamToStringAsync()
FNDA:10,FromResponse(System.IO.Stream,System.Net.HttpStatusCode)
FNDA:2,ReadStreamToString(System.IO.Stream)
FNDA:13,FromResponseAsync()
FNDA:2,ReadStreamToStringAsync()
FNDA:20,FromResponse(System.IO.Stream,System.Net.HttpStatusCode)
FNDA:4,ReadStreamToString(System.IO.Stream)
FNDA:26,FromResponseAsync()
FNDA:4,ReadStreamToStringAsync()
FNF:8
FNH:8
BRDA:41,41,27,4
BRDA:41,41,28,2
BRDA:52,52,29,4
BRDA:52,52,30,-
BRDA:13,13,31,4
BRDA:13,13,32,2
BRDA:24,24,33,4
BRDA:24,24,34,-
BRF:8
BRH:6
DA:10,13
DA:13,26
DA:14,11
DA:16,11
DA:17,22
DA:18,22
DA:19,0
DA:20,0
DA:21,0
DA:22,0
DA:24,22
DA:25,11
DA:27,2
DA:28,4
DA:29,2
DA:31,26
DA:33,26
DA:34,26
DA:37,10
DA:41,20
DA:42,8
DA:44,8
DA:45,16
DA:46,16
DA:47,0
DA:48,0
DA:49,0
DA:50,0
DA:52,16
DA:53,8
DA:55,2
DA:56,4
DA:57,2
DA:59,20
DA:61,20
DA:62,10
DA:65,2
DA:66,4
DA:67,4
DA:68,4
DA:71,2
DA:72,4
DA:73,4
DA:74,4
LH:36
LF:44
end_of_record
SF:C:\Repos\retroachievements-api-net\src\RetroAchievements.Api\Internal\Utils\HttpClientExtensions.cs
FN:15,GetWithQueryString(System.Net.Http.HttpClient,System.String,System.Collections.Generic.IDictionary`2<System.String,System.String>)
FN:23,GetUriWithQueryString(System.String,System.Collections.Generic.IDictionary`2<System.String,System.String>)
FN:8,GetWithQueryStringAsync()
FN:16,GetWithQueryString(System.Net.Http.HttpClient,System.String,System.Collections.Generic.IDictionary`2<System.String,System.String>)
FN:24,GetUriWithQueryString(System.String,System.Collections.Generic.IDictionary`2<System.String,System.String>)
FN:9,GetWithQueryStringAsync()
FNDA:10,GetWithQueryString(System.Net.Http.HttpClient,System.String,System.Collections.Generic.IDictionary`2<System.String,System.String>)
FNDA:23,GetUriWithQueryString(System.String,System.Collections.Generic.IDictionary`2<System.String,System.String>)
FNDA:13,GetWithQueryStringAsync()
FNDA:20,GetWithQueryString(System.Net.Http.HttpClient,System.String,System.Collections.Generic.IDictionary`2<System.String,System.String>)
FNDA:46,GetUriWithQueryString(System.String,System.Collections.Generic.IDictionary`2<System.String,System.String>)
FNDA:26,GetWithQueryStringAsync()
FNF:6
FNH:6
BRDA:27,27,35,4
BRDA:27,27,36,4
BRDA:29,29,37,4
BRDA:29,29,38,2
BRDA:34,34,39,4
BRDA:34,34,40,4
BRF:6
BRH:6
DA:8,13
DA:9,26
DA:11,26
DA:12,26
DA:15,10
DA:16,20
DA:18,20
DA:19,10
DA:23,23
DA:24,46
DA:25,46
DA:26,46
DA:27,527
DA:28,103
DA:29,206
DA:30,0
DA:31,0
DA:34,206
DA:35,206
DA:36,206
DA:37,206
DA:38,206
DA:39,103
DA:40,46
DA:41,23
LH:23
LF:25
end_of_record
SF:C:\Repos\retroachievements-api-net\src\RetroAchievements.Api\Internal\Utils\HttpClientHelper.cs
FN:14,PrepareRequestUrl(System.String)
FN:19,PrepareRequestQueries(RetroAchievements.Api.IRetroAchievementsAuthenticationData,RetroAchievements.Api.Request.IRetroAchievementsRequest`1<TResponse>)
FN:43,GetMemberStringValue(System.Type,System.Object,RetroAchievements.Api.Requests.CustomOption)
FN:11,.cctor()
FN:15,PrepareRequestUrl(System.String)
FN:20,PrepareRequestQueries(RetroAchievements.Api.IRetroAchievementsAuthenticationData,RetroAchievements.Api.Request.IRetroAchievementsRequest`1<TResponse>)
FN:44,GetMemberStringValue(System.Type,System.Object,RetroAchievements.Api.Requests.CustomOption)
FNDA:23,PrepareRequestUrl(System.String)
FNDA:23,PrepareRequestQueries(RetroAchievements.Api.IRetroAchievementsAuthenticationData,RetroAchievements.Api.Request.IRetroAchievementsRequest`1<TResponse>)
FNDA:57,GetMemberStringValue(System.Type,System.Object,RetroAchievements.Api.Requests.CustomOption)
FNDA:4,.cctor()
FNDA:46,PrepareRequestUrl(System.String)
FNDA:46,PrepareRequestQueries(RetroAchievements.Api.IRetroAchievementsAuthenticationData,RetroAchievements.Api.Request.IRetroAchievementsRequest`1<TResponse>)
FNDA:114,GetMemberStringValue(System.Type,System.Object,RetroAchievements.Api.Requests.CustomOption)
FNF:7
FNH:7
BRDA:28,28,41,4
BRDA:28,28,42,4
BRDA:32,32,43,4
BRDA:32,32,44,4
BRDA:44,44,45,4
BRDA:44,44,46,-
BRDA:48,48,47,4
BRDA:48,48,48,-
BRDA:50,50,49,-
BRDA:50,50,50,-
BRDA:55,55,51,-
BRDA:55,55,52,-
BRDA:63,63,53,4
BRDA:63,63,54,-
BRDA:69,69,55,4
BRDA:69,69,56,4
BRDA:69,69,57,2
BRDA:69,69,58,-
BRDA:74,74,59,-
BRDA:74,74,60,-
BRDA:76,76,61,-
BRDA:76,76,62,-
BRDA:83,83,63,4
BRDA:83,83,64,-
BRF:24
BRH:11
DA:11,4
DA:14,23
DA:15,46
DA:16,23
DA:19,23
DA:20,46
DA:21,46
DA:22,46
DA:23,46
DA:24,46
DA:26,46
DA:28,435
DA:29,80
DA:30,160
DA:32,160
DA:33,57
DA:34,114
DA:35,114
DA:36,57
DA:37,80
DA:39,46
DA:40,23
DA:43,57
DA:44,114
DA:45,0
DA:48,114
DA:49,0
DA:50,0
DA:51,0
DA:52,0
DA:53,0
DA:55,0
DA:56,0
DA:57,0
DA:60,0
DA:63,114
DA:64,0
DA:65,0
DA:69,114
DA:70,0
DA:71,0
DA:73,0
DA:74,0
DA:75,0
DA:76,0
DA:77,0
DA:78,0
DA:80,0
DA:83,114
DA:84,57
LH:29
LF:50
end_of_record
SF:C:\Repos\retroachievements-api-net\src\RetroAchievements.Api\Requests\Achievements\GetAchievementUnlocksRequest.cs
FN:13,get_RequestEndpoint()
FN:32,get_AchievementId()
FN:38,get_Offset()
FN:44,get_Count()
FN:19,.ctor(System.Int32,System.Int32,System.Int32)
FNDA:16,get_RequestEndpoint()
FNDA:38,get_AchievementId()
FNDA:38,get_Offset()
FNDA:38,get_Count()
FNDA:24,.ctor(System.Int32,System.Int32,System.Int32)
FNF:5
FNH:5
BRF:0
BRH:0
DA:13,16
DA:19,24
DA:20,11
DA:21,24
DA:23,22
DA:24,22
DA:25,22
DA:26,22
DA:32,38
DA:38,38
DA:44,38
LH:11
LF:11
end_of_record
SF:C:\Repos\retroachievements-api-net\src\RetroAchievements.Api\Requests\ApiInputKeyAttribute.cs
FN:6,get_Key()
FN:7,get_Option()
FN:9,.ctor(System.String,RetroAchievements.Api.Requests.CustomOption)
FNDA:228,get_Key()
FNDA:228,get_Option()
FNDA:114,.ctor(System.String,RetroAchievements.Api.Requests.CustomOption)
FNF:3
FNH:3
BRF:0
BRH:0
DA:6,228
DA:7,228
DA:9,114
DA:10,57
DA:11,114
DA:12,114
DA:13,114
LH:7
LF:7
end_of_record
SF:C:\Repos\retroachievements-api-net\src\RetroAchievements.Api\Requests\Consoles\GetConsoleIdsRequest.cs
FN:12,get_RequestEndpoint()
FN:15,.ctor()
FNDA:8,get_RequestEndpoint()
FNDA:8,.ctor()
FNF:2
FNH:2
BRF:0
BRH:0
DA:12,8
DA:15,8
DA:16,4
DA:17,8
LH:4
LF:4
end_of_record
SF:C:\Repos\retroachievements-api-net\src\RetroAchievements.Api\Requests\Consoles\GetGamesListRequest.cs
FN:12,get_RequestEndpoint()
FN:29,get_ConsoleId()
FN:35,get_OnlyWithAchievements()
FN:41,get_GetHashes()
FN:18,.ctor(System.Int32,System.Boolean,System.Boolean)
FNDA:22,get_RequestEndpoint()
FNDA:44,get_ConsoleId()
FNDA:44,get_OnlyWithAchievements()
FNDA:44,get_GetHashes()
FNDA:22,.ctor(System.Int32,System.Boolean,System.Boolean)
FNF:5
FNH:5
BRDA:21,21,65,2
BRDA:21,21,66,2
BRDA:22,22,67,2
BRDA:22,22,68,2
BRF:4
BRH:4
DA:12,22
DA:18,22
DA:19,11
DA:20,22
DA:21,22
DA:22,22
DA:23,22
DA:29,44
DA:35,44
DA:41,44
LH:10
LF:10
end_of_record
SF:C:\Repos\retroachievements-api-net\src\RetroAchievements.Api\Requests\Games\GetAchievementDistributionRequest.cs
FN:13,get_RequestEndpoint()
FN:32,get_GameId()
FN:38,get_Hardcore()
FN:44,get_AchievementTypesFlag()
FN:19,.ctor(System.Int32,System.Boolean,System.Boolean)
FNDA:0,get_RequestEndpoint()
FNDA:0,get_GameId()
FNDA:0,get_Hardcore()
FNDA:0,get_AchievementTypesFlag()
FNDA:0,.ctor(System.Int32,System.Boolean,System.Boolean)
FNF:5
FNH:0
BRDA:24,24,69,-
BRDA:24,24,70,-
BRDA:25,25,71,-
BRDA:25,25,72,-
BRF:4
BRH:0
DA:13,0
DA:19,0
DA:20,0
DA:21,0
DA:23,0
DA:24,0
DA:25,0
DA:26,0
DA:32,0
DA:38,0
DA:44,0
LH:0
LF:11
end_of_record
SF:C:\Repos\retroachievements-api-net\src\RetroAchievements.Api\Requests\Games\GetAchievementIdentifiersRequest.cs
FN:13,get_RequestEndpoint()
FN:29,get_GameId()
FN:18,.ctor(System.Int32)
FNDA:0,get_RequestEndpoint()
FNDA:0,get_GameId()
FNDA:0,.ctor(System.Int32)
FNF:3
FNH:0
BRF:0
BRH:0
DA:13,0
DA:18,0
DA:19,0
DA:20,0
DA:22,0
DA:23,0
DA:29,0
LH:0
LF:7
end_of_record
SF:C:\Repos\retroachievements-api-net\src\RetroAchievements.Api\Requests\Games\GetGameDataRequest.cs
FN:13,get_RequestEndpoint()
FN:28,get_GameId()
FN:17,.ctor(System.Int32)
FNDA:0,get_RequestEndpoint()
FNDA:0,get_GameId()
FNDA:0,.ctor(System.Int32)
FNF:3
FNH:0
BRF:0
BRH:0
DA:13,0
DA:17,0
DA:18,0
DA:19,0
DA:21,0
DA:22,0
DA:28,0
LH:0
LF:7
end_of_record
SF:C:\Repos\retroachievements-api-net\src\RetroAchievements.Api\Requests\Games\GetGameExtendedDataRequest.cs
FN:13,get_RequestEndpoint()
FN:28,get_GameId()
FN:17,.ctor(System.Int32)
FNDA:0,get_RequestEndpoint()
FNDA:0,get_GameId()
FNDA:0,.ctor(System.Int32)
FNF:3
FNH:0
BRF:0
BRH:0
DA:13,0
DA:17,0
DA:18,0
DA:19,0
DA:21,0
DA:22,0
DA:28,0
LH:0
LF:7
end_of_record
SF:C:\Repos\retroachievements-api-net\src\RetroAchievements.Api\Requests\Games\GetGameRankAndScoreRequest.cs
FN:13,get_RequestEndpoint()
FN:31,get_GameId()
FN:41,get_RankType()
FN:18,.ctor(System.Int32,RetroAchievements.Api.Requests.Games.RankType)
FNDA:0,get_RequestEndpoint()
FNDA:0,get_GameId()
FNDA:0,get_RankType()
FNDA:0,.ctor(System.Int32,RetroAchievements.Api.Requests.Games.RankType)
FNF:4
FNH:0
BRF:0
BRH:0
DA:13,0
DA:18,0
DA:19,0
DA:20,0
DA:21,0
DA:23,0
DA:24,0
DA:25,0
DA:31,0
DA:41,0
LH:0
LF:10
end_of_record
SF:C:\Repos\retroachievements-api-net\src\RetroAchievements.Api\Requests\Games\GetGameRatingRequest.cs
FN:13,get_RequestEndpoint()
FN:28,get_GameId()
FN:17,.ctor(System.Int32)
FNDA:0,get_RequestEndpoint()
FNDA:0,get_GameId()
FNDA:0,.ctor(System.Int32)
FNF:3
FNH:0
BRF:0
BRH:0
DA:13,0
DA:17,0
DA:18,0
DA:19,0
DA:21,0
DA:22,0
DA:28,0
LH:0
LF:7
end_of_record
SF:C:\Repos\retroachievements-api-net\src\RetroAchievements.Api\Requests\Tickets\GetAchievementTicketDataRequest.cs
FN:13,get_RequestEndpoint()
FN:26,get_AchievementId()
FN:17,.ctor(System.Int32)
FNDA:0,get_RequestEndpoint()
FNDA:0,get_AchievementId()
FNDA:0,.ctor(System.Int32)
FNF:3
FNH:0
BRF:0
BRH:0
DA:13,0
DA:17,0
DA:18,0
DA:19,0
DA:20,0
DA:26,0
LH:0
LF:6
end_of_record
SF:C:\Repos\retroachievements-api-net\src\RetroAchievements.Api\Requests\Tickets\GetGamesWithMostTicketsRequest.cs
FN:14,get_RequestEndpoint()
FN:31,get_Offset()
FN:37,get_Count()
FN:43,get_ConstApiFlag()
FN:19,.ctor(System.Int32,System.Int32)
FNDA:0,get_RequestEndpoint()
FNDA:0,get_Offset()
FNDA:0,get_Count()
FNDA:0,get_ConstApiFlag()
FNDA:0,.ctor(System.Int32,System.Int32)
FNF:5
FNH:0
BRF:0
BRH:0
DA:14,0
DA:19,0
DA:20,0
DA:21,0
DA:23,0
DA:24,0
DA:25,0
DA:31,0
DA:37,0
DA:43,0
LH:0
LF:10
end_of_record
SF:C:\Repos\retroachievements-api-net\src\RetroAchievements.Api\Requests\Tickets\GetGameTicketDataRequest.cs
FN:13,get_RequestEndpoint()
FN:26,get_GameId()
FN:32,get_ConstApiDataFlag()
FN:17,.ctor(System.Int32)
FNDA:0,get_RequestEndpoint()
FNDA:0,get_GameId()
FNDA:0,get_ConstApiDataFlag()
FNDA:0,.ctor(System.Int32)
FNF:4
FNH:0
BRF:0
BRH:0
DA:13,0
DA:17,0
DA:18,0
DA:19,0
DA:20,0
DA:26,0
DA:32,0
LH:0
LF:7
end_of_record
SF:C:\Repos\retroachievements-api-net\src\RetroAchievements.Api\Requests\Tickets\GetOpenTicketsRequest.cs
FN:14,get_RequestEndpoint()
FN:31,get_Offset()
FN:37,get_Count()
FN:19,.ctor(System.Int32,System.Int32)
FNDA:0,get_RequestEndpoint()
FNDA:0,get_Offset()
FNDA:0,get_Count()
FNDA:0,.ctor(System.Int32,System.Int32)
FNF:4
FNH:0
BRF:0
BRH:0
DA:14,0
DA:19,0
DA:20,0
DA:21,0
DA:23,0
DA:24,0
DA:25,0
DA:31,0
DA:37,0
LH:0
LF:9
end_of_record
SF:C:\Repos\retroachievements-api-net\src\RetroAchievements.Api\Requests\Tickets\GetTicketDataRequest.cs
FN:13,get_RequestEndpoint()
FN:28,get_TicketId()
FN:17,.ctor(System.Int32)
FNDA:0,get_RequestEndpoint()
FNDA:0,get_TicketId()
FNDA:0,.ctor(System.Int32)
FNF:3
FNH:0
BRF:0
BRH:0
DA:13,0
DA:17,0
DA:18,0
DA:19,0
DA:21,0
DA:22,0
DA:28,0
LH:0
LF:7
end_of_record
SF:C:\Repos\retroachievements-api-net\src\RetroAchievements.Api\Requests\Tickets\GetUserTicketDataRequest.cs
FN:13,get_RequestEndpoint()
FN:28,get_Username()
FN:17,.ctor(System.String)
FNDA:0,get_RequestEndpoint()
FNDA:0,get_Username()
FNDA:0,.ctor(System.String)
FNF:3
FNH:0
BRF:0
BRH:0
DA:13,0
DA:17,0
DA:18,0
DA:19,0
DA:21,0
DA:22,0
DA:28,0
LH:0
LF:7
end_of_record
SF:C:\Repos\retroachievements-api-net\src\RetroAchievements.Api\Requests\Feed\GetAchievementOfTheWeekRequest.cs
FN:12,get_RequestEndpoint()
FN:15,.ctor()
FNDA:0,get_RequestEndpoint()
FNDA:0,.ctor()
FNF:2
FNH:0
BRF:0
BRH:0
DA:12,0
DA:15,0
DA:16,0
DA:17,0
LH:0
LF:4
end_of_record
SF:C:\Repos\retroachievements-api-net\src\RetroAchievements.Api\Requests\Users\GetAchievementsEarnedBetweenRequest.cs
FN:12,get_RequestEndpoint()
FN:33,get_Username()
FN:40,get_From()
FN:46,get_To()
FN:18,.ctor(System.String,System.DateTime,System.DateTime)
FNDA:0,get_RequestEndpoint()
FNDA:0,get_Username()
FNDA:0,get_From()
FNDA:0,get_To()
FNDA:0,.ctor(System.String,System.DateTime,System.DateTime)
FNF:5
FNH:0
BRF:0
BRH:0
DA:12,0
DA:18,0
DA:19,0
DA:20,0
DA:21,0
DA:22,0
DA:24,0
DA:25,0
DA:26,0
DA:27,0
DA:33,0
DA:40,0
DA:46,0
LH:0
LF:13
end_of_record
SF:C:\Repos\retroachievements-api-net\src\RetroAchievements.Api\Requests\Users\GetAchievementsEarnedOnDayRequest.cs
FN:12,get_RequestEndpoint()
FN:29,get_Username()
FN:35,get_Date()
FN:17,.ctor(System.String,System.DateTime)
FNDA:0,get_RequestEndpoint()
FNDA:0,get_Username()
FNDA:0,get_Date()
FNDA:0,.ctor(System.String,System.DateTime)
FNF:4
FNH:0
BRF:0
BRH:0
DA:12,0
DA:17,0
DA:18,0
DA:19,0
DA:21,0
DA:22,0
DA:23,0
DA:29,0
DA:35,0
LH:0
LF:9
end_of_record
SF:C:\Repos\retroachievements-api-net\src\RetroAchievements.Api\Requests\Feed\GetActiveClaimsRequest.cs
FN:12,get_RequestEndpoint()
FN:15,.ctor()
FNDA:0,get_RequestEndpoint()
FNDA:0,.ctor()
FNF:2
FNH:0
BRF:0
BRH:0
DA:12,0
DA:15,0
DA:16,0
DA:17,0
LH:0
LF:4
end_of_record
SF:C:\Repos\retroachievements-api-net\src\RetroAchievements.Api\Requests\Feed\GetClaimsRequest.cs
FN:13,get_RequestEndpoint()
FN:26,get_ClaimKind()
FN:17,.ctor(RetroAchievements.Api.Requests.Enums.ClaimKind)
FNDA:0,get_RequestEndpoint()
FNDA:0,get_ClaimKind()
FNDA:0,.ctor(RetroAchievements.Api.Requests.Enums.ClaimKind)
FNF:3
FNH:0
BRF:0
BRH:0
DA:13,0
DA:17,0
DA:18,0
DA:19,0
DA:20,0
DA:26,0
LH:0
LF:6
end_of_record
SF:C:\Repos\retroachievements-api-net\src\RetroAchievements.Api\Requests\Feed\GetTopTenUsersRequest.cs
FN:12,get_RequestEndpoint()
FN:15,.ctor()
FNDA:0,get_RequestEndpoint()
FNDA:0,.ctor()
FNF:2
FNH:0
BRF:0
BRH:0
DA:12,0
DA:15,0
DA:16,0
DA:17,0
LH:0
LF:4
end_of_record
SF:C:\Repos\retroachievements-api-net\src\RetroAchievements.Api\Requests\Users\GetUserAllGamesProgressRequest.cs
FN:12,get_RequestEndpoint()
FN:28,get_Username()
FN:17,.ctor(System.String)
FNDA:0,get_RequestEndpoint()
FNDA:0,get_Username()
FNDA:0,.ctor(System.String)
FNF:3
FNH:0
BRF:0
BRH:0
DA:12,0
DA:17,0
DA:18,0
DA:19,0
DA:21,0
DA:22,0
DA:28,0
LH:0
LF:7
end_of_record
SF:C:\Repos\retroachievements-api-net\src\RetroAchievements.Api\Requests\Users\GetUserAwardsRequest.cs
FN:12,get_RequestEndpoint()
FN:27,get_Username()
FN:16,.ctor(System.String)
FNDA:0,get_RequestEndpoint()
FNDA:0,get_Username()
FNDA:0,.ctor(System.String)
FNF:3
FNH:0
BRF:0
BRH:0
DA:12,0
DA:16,0
DA:17,0
DA:18,0
DA:20,0
DA:21,0
DA:27,0
LH:0
LF:7
end_of_record
SF:C:\Repos\retroachievements-api-net\src\RetroAchievements.Api\Requests\Users\GetUserClaimsRequest.cs
FN:12,get_RequestEndpoint()
FN:28,get_Username()
FN:17,.ctor(System.String)
FNDA:0,get_RequestEndpoint()
FNDA:0,get_Username()
FNDA:0,.ctor(System.String)
FNF:3
FNH:0
BRF:0
BRH:0
DA:12,0
DA:17,0
DA:18,0
DA:19,0
DA:21,0
DA:22,0
DA:28,0
LH:0
LF:7
end_of_record
SF:C:\Repos\retroachievements-api-net\src\RetroAchievements.Api\Requests\Users\GetUserGameRankAndScoreRequest.cs
FN:12,get_RequestEndpoint()
FN:30,get_GameId()
FN:36,get_Username()
FN:18,.ctor(System.String,System.Int32)
FNDA:0,get_RequestEndpoint()
FNDA:0,get_GameId()
FNDA:0,get_Username()
FNDA:0,.ctor(System.String,System.Int32)
FNF:4
FNH:0
BRF:0
BRH:0
DA:12,0
DA:18,0
DA:19,0
DA:20,0
DA:22,0
DA:23,0
DA:24,0
DA:30,0
DA:36,0
LH:0
LF:9
end_of_record
SF:C:\Repos\retroachievements-api-net\src\RetroAchievements.Api\Requests\Users\GetUserGamesProgressRequest.cs
FN:14,get_RequestEndpoint()
FN:32,get_Username()
FN:38,get_GameIds()
FN:19,.ctor(System.String,System.Collections.Generic.IEnumerable`1<System.Int32>)
FNDA:0,get_RequestEndpoint()
FNDA:0,get_Username()
FNDA:0,get_GameIds()
FNDA:0,.ctor(System.String,System.Collections.Generic.IEnumerable`1<System.Int32>)
FNF:4
FNH:0
BRF:0
BRH:0
DA:14,0
DA:19,0
DA:20,0
DA:21,0
DA:22,0
DA:23,0
DA:25,0
DA:26,0
DA:27,0
DA:32,0
DA:38,0
LH:0
LF:11
end_of_record
SF:C:\Repos\retroachievements-api-net\src\RetroAchievements.Api\Requests\Users\GetUserPointsRequest.cs
FN:12,get_RequestEndpoint()
FN:28,get_Username()
FN:17,.ctor(System.String)
FNDA:0,get_RequestEndpoint()
FNDA:0,get_Username()
FNDA:0,.ctor(System.String)
FNF:3
FNH:0
BRF:0
BRH:0
DA:12,0
DA:17,0
DA:18,0
DA:19,0
DA:21,0
DA:22,0
DA:28,0
LH:0
LF:7
end_of_record
SF:C:\Repos\retroachievements-api-net\src\RetroAchievements.Api\Requests\Users\GetUserRankAndPointsRequest.cs
FN:12,get_RequestEndpoint()
FN:28,get_Username()
FN:16,.ctor(System.String)
FNDA:0,get_RequestEndpoint()
FNDA:0,get_Username()
FNDA:0,.ctor(System.String)
FNF:3
FNH:0
BRF:0
BRH:0
DA:12,0
DA:16,0
DA:17,0
DA:18,0
DA:20,0
DA:21,0
DA:28,0
LH:0
LF:7
end_of_record
SF:C:\Repos\retroachievements-api-net\src\RetroAchievements.Api\Requests\Users\GetUserRecentAchievementsRequest.cs
FN:12,get_RequestEndpoint()
FN:29,get_Username()
FN:35,get_MinutesToLookBack()
FN:17,.ctor(System.String,System.Int32)
FNDA:0,get_RequestEndpoint()
FNDA:0,get_Username()
FNDA:0,get_MinutesToLookBack()
FNDA:0,.ctor(System.String,System.Int32)
FNF:4
FNH:0
BRF:0
BRH:0
DA:12,0
DA:17,0
DA:18,0
DA:19,0
DA:21,0
DA:22,0
DA:23,0
DA:29,0
DA:35,0
LH:0
LF:9
end_of_record
SF:C:\Repos\retroachievements-api-net\src\RetroAchievements.Api\Response\Achievements\GetAchievementUnlocksResponse.cs
FN:14,get_Achievement()
FN:18,get_Console()
FN:22,get_Game()
FN:28,get_UnlocksCount()
FN:35,get_PlayersCount()
FN:41,get_Unlocks()
FNDA:28,get_Achievement()
FNDA:24,get_Console()
FNDA:28,get_Game()
FNDA:12,get_UnlocksCount()
FNDA:12,get_PlayersCount()
FNDA:28,get_Unlocks()
FNF:6
FNH:6
BRF:0
BRH:0
DA:14,28
DA:18,24
DA:22,28
DA:28,12
DA:35,12
DA:41,28
LH:6
LF:6
end_of_record
SF:C:\Repos\retroachievements-api-net\src\RetroAchievements.Api\Response\Achievements\Records\AchievementGame.cs
FN:15,get_Id()
FN:21,get_Title()
FNDA:12,get_Id()
FNDA:32,get_Title()
FNF:2
FNH:2
BRF:0
BRH:0
DA:15,12
DA:21,32
LH:2
LF:2
end_of_record
SF:C:\Repos\retroachievements-api-net\src\RetroAchievements.Api\Response\CollectionRetroAchievementsResponse.cs
FN:16,get_Items()
FNDA:78,get_Items()
FNF:1
FNH:1
BRF:0
BRH:0
DA:16,78
LH:1
LF:1
end_of_record
SF:C:\Repos\retroachievements-api-net\src\RetroAchievements.Api\Response\CollectionRetroAchievementsResponse.cs
FN:22,Read(System.Text.Json.Utf8JsonReader&,System.Type,System.Text.Json.JsonSerializerOptions)
FN:44,Write(System.Text.Json.Utf8JsonWriter,TResponse,System.Text.Json.JsonSerializerOptions)
FN:25,Read(System.Text.Json.Utf8JsonReader&,System.Type,System.Text.Json.JsonSerializerOptions)
FN:45,Write(System.Text.Json.Utf8JsonWriter,TResponse,System.Text.Json.JsonSerializerOptions)
FNDA:15,Read(System.Text.Json.Utf8JsonReader&,System.Type,System.Text.Json.JsonSerializerOptions)
FNDA:0,Write(System.Text.Json.Utf8JsonWriter,TResponse,System.Text.Json.JsonSerializerOptions)
FNDA:30,Read(System.Text.Json.Utf8JsonReader&,System.Type,System.Text.Json.JsonSerializerOptions)
FNDA:0,Write(System.Text.Json.Utf8JsonWriter,TResponse,System.Text.Json.JsonSerializerOptions)
FNF:4
FNH:2
BRDA:29,29,73,2
BRDA:29,29,74,2
BRDA:29,29,75,2
BRDA:29,29,76,1
BRDA:34,34,77,2
BRDA:34,34,78,-
BRF:6
BRH:5
DA:22,15
DA:23,15
DA:25,30
DA:26,15
DA:27,30
DA:29,30
DA:30,11
DA:31,22
DA:32,11
DA:34,30
DA:35,30
DA:36,30
DA:37,30
DA:41,30
DA:44,0
DA:45,0
DA:46,0
LH:14
LF:17
end_of_record
SF:C:\Repos\retroachievements-api-net\src\RetroAchievements.Api\Response\Consoles\Records\Console.cs
FN:15,get_Id()
FN:21,get_Name()
FNDA:658,get_Id()
FNDA:1312,get_Name()
FNF:2
FNH:2
BRF:0
BRH:0
DA:15,658
DA:21,1312
LH:2
LF:2
end_of_record
SF:C:\Repos\retroachievements-api-net\src\RetroAchievements.Api\Response\Consoles\Records\Game.cs
FN:16,get_Id()
FN:22,get_Title()
FN:29,get_ConsoleId()
FN:35,get_ConsoleName()
FN:41,get_ImageIcon()
FN:48,get_AchievementsCount()
FN:55,get_LeaderboardsCount()
FN:61,get_Points()
FN:68,get_DateModified()
FN:75,get_ForumTopicId()
FN:80,get_Hashes()
FNDA:15500,get_Id()
FNDA:31000,get_Title()
FNDA:15500,get_ConsoleId()
FNDA:31000,get_ConsoleName()
FNDA:31000,get_ImageIcon()
FNDA:16444,get_AchievementsCount()
FNDA:15500,get_LeaderboardsCount()
FNDA:15500,get_Points()
FNDA:15500,get_DateModified()
FNDA:15500,get_ForumTopicId()
FNDA:20352,get_Hashes()
FNF:11
FNH:11
BRF:0
BRH:0
DA:16,15500
DA:22,31000
DA:29,15500
DA:35,31000
DA:41,31000
DA:48,16444
DA:55,15500
DA:61,15500
DA:68,15500
DA:75,15500
DA:80,20352
LH:11
LF:11
end_of_record
SF:C:\Repos\retroachievements-api-net\src\RetroAchievements.Api\Response\DictionaryRetroAchievementsResponse.cs
FN:17,get_Items()
FNDA:0,get_Items()
FNF:1
FNH:0
BRF:0
BRH:0
DA:17,0
LH:0
LF:1
end_of_record
SF:C:\Repos\retroachievements-api-net\src\RetroAchievements.Api\Response\DictionaryRetroAchievementsResponse.cs
FN:23,Read(System.Text.Json.Utf8JsonReader&,System.Type,System.Text.Json.JsonSerializerOptions)
FN:45,Write(System.Text.Json.Utf8JsonWriter,TResponse,System.Text.Json.JsonSerializerOptions)
FN:26,Read(System.Text.Json.Utf8JsonReader&,System.Type,System.Text.Json.JsonSerializerOptions)
FN:46,Write(System.Text.Json.Utf8JsonWriter,TResponse,System.Text.Json.JsonSerializerOptions)
FNDA:0,Read(System.Text.Json.Utf8JsonReader&,System.Type,System.Text.Json.JsonSerializerOptions)
FNDA:0,Write(System.Text.Json.Utf8JsonWriter,TResponse,System.Text.Json.JsonSerializerOptions)
FNDA:0,Read(System.Text.Json.Utf8JsonReader&,System.Type,System.Text.Json.JsonSerializerOptions)
FNDA:0,Write(System.Text.Json.Utf8JsonWriter,TResponse,System.Text.Json.JsonSerializerOptions)
FNF:4
FNH:0
BRDA:30,30,79,-
BRDA:30,30,80,-
BRDA:35,35,81,-
BRDA:35,35,82,-
BRF:4
BRH:0
DA:23,0
DA:24,0
DA:26,0
DA:27,0
DA:28,0
DA:30,0
DA:31,0
DA:32,0
DA:33,0
DA:35,0
DA:36,0
DA:37,0
DA:38,0
DA:42,0
DA:45,0
DA:46,0
DA:47,0
LH:0
LF:17
end_of_record
SF:C:\Repos\retroachievements-api-net\src\RetroAchievements.Api\Response\Games\GetGameRatingResponse.cs
FN:35,get_AverageGameRating()
FN:42,get_GameVotesCount()
FNDA:0,get_AverageGameRating()
FNDA:0,get_GameVotesCount()
FNF:2
FNH:0
BRF:0
BRH:0
DA:35,0
DA:42,0
LH:0
LF:2
end_of_record
SF:C:\Repos\retroachievements-api-net\src\RetroAchievements.Api\Response\Games\GetAchievementIdentifiersResponse.cs
FN:15,get_GameId()
FN:22,get_AchievementIds()
FNDA:0,get_GameId()
FNDA:0,get_AchievementIds()
FNF:2
FNH:0
BRF:0
BRH:0
DA:15,0
DA:22,0
LH:0
LF:2
end_of_record
SF:C:\Repos\retroachievements-api-net\src\RetroAchievements.Api\Response\Games\GetGameDataResponse.cs
FN:15,get_Title()
FN:22,get_ConsoleId()
FN:28,get_ConsoleName()
FN:35,get_ForumTopicId()
FN:41,get_GameIcon()
FN:47,get_ImageIcon()
FN:53,get_ImageTitle()
FN:59,get_ImageIngame()
FN:65,get_ImageBoxArt()
FN:71,get_Publisher()
FN:77,get_Developer()
FN:83,get_Genre()
FN:91,get_ReleasedDate()
FNDA:0,get_Title()
FNDA:0,get_ConsoleId()
FNDA:0,get_ConsoleName()
FNDA:0,get_ForumTopicId()
FNDA:0,get_GameIcon()
FNDA:0,get_ImageIcon()
FNDA:0,get_ImageTitle()
FNDA:0,get_ImageIngame()
FNDA:0,get_ImageBoxArt()
FNDA:0,get_Publisher()
FNDA:0,get_Developer()
FNDA:0,get_Genre()
FNDA:0,get_ReleasedDate()
FNF:13
FNH:0
BRF:0
BRH:0
DA:15,0
DA:22,0
DA:28,0
DA:35,0
DA:41,0
DA:47,0
DA:53,0
DA:59,0
DA:65,0
DA:71,0
DA:77,0
DA:83,0
DA:91,0
LH:0
LF:13
end_of_record
SF:C:\Repos\retroachievements-api-net\src\RetroAchievements.Api\Response\Games\GetGameExtendedDataResponse.cs
FN:17,get_Id()
FN:23,get_Title()
FN:30,get_ConsoleId()
FN:36,get_ConsoleName()
FN:43,get_ParentGameId()
FN:50,get_PlayersCasualCount()
FN:57,get_PlayersHardcoreCount()
FN:64,get_AchievementsCount()
FN:70,get_Achievements()
FN:77,get_ForumTopicId()
FN:83,get_ImageIcon()
FN:89,get_ImageTitle()
FN:95,get_ImageIngame()
FN:101,get_ImageBoxArt()
FN:107,get_Publisher()
FN:113,get_Developer()
FN:119,get_Genre()
FN:127,get_ReleasedDate()
FN:134,get_IsFinal()
FN:140,get_RichPresencePatch()
FN:146,get_Claims()
FNDA:0,get_Id()
FNDA:0,get_Title()
FNDA:0,get_ConsoleId()
FNDA:0,get_ConsoleName()
FNDA:0,get_ParentGameId()
FNDA:0,get_PlayersCasualCount()
FNDA:0,get_PlayersHardcoreCount()
FNDA:0,get_AchievementsCount()
FNDA:0,get_Achievements()
FNDA:0,get_ForumTopicId()
FNDA:0,get_ImageIcon()
FNDA:0,get_ImageTitle()
FNDA:0,get_ImageIngame()
FNDA:0,get_ImageBoxArt()
FNDA:0,get_Publisher()
FNDA:0,get_Developer()
FNDA:0,get_Genre()
FNDA:0,get_ReleasedDate()
FNDA:0,get_IsFinal()
FNDA:0,get_RichPresencePatch()
FNDA:0,get_Claims()
FNF:21
FNH:0
BRF:0
BRH:0
DA:17,0
DA:23,0
DA:30,0
DA:36,0
DA:43,0
DA:50,0
DA:57,0
DA:64,0
DA:70,0
DA:77,0
DA:83,0
DA:89,0
DA:95,0
DA:101,0
DA:107,0
DA:113,0
DA:119,0
DA:127,0
DA:134,0
DA:140,0
DA:146,0
LH:0
LF:21
end_of_record
SF:C:\Repos\retroachievements-api-net\src\RetroAchievements.Api\Response\Games\GetGameRatingResponse.cs
FN:16,get_GameId()
FN:22,get_Ratings()
FNDA:0,get_GameId()
FNDA:0,get_Ratings()
FNF:2
FNH:0
BRF:0
BRH:0
DA:16,0
DA:22,0
LH:0
LF:2
end_of_record
SF:C:\Repos\retroachievements-api-net\src\RetroAchievements.Api\Response\Games\Records\GameAchievement.cs
FN:16,get_Id()
FN:22,get_Title()
FN:28,get_Description()
FN:34,get_Points()
FN:41,get_TrueRatioPoints()
FN:47,get_BadgeName()
FN:54,get_AwardedCount()
FN:61,get_AwardedHardcoreCount()
FN:67,get_DisplayOrder()
FN:74,get_AuthorUsername()
FN:81,get_DateCreated()
FN:88,get_DateModified()
FNDA:0,get_Id()
FNDA:0,get_Title()
FNDA:0,get_Description()
FNDA:0,get_Points()
FNDA:0,get_TrueRatioPoints()
FNDA:0,get_BadgeName()
FNDA:0,get_AwardedCount()
FNDA:0,get_AwardedHardcoreCount()
FNDA:0,get_DisplayOrder()
FNDA:0,get_AuthorUsername()
FNDA:0,get_DateCreated()
FNDA:0,get_DateModified()
FNF:12
FNH:0
BRF:0
BRH:0
DA:16,0
DA:22,0
DA:28,0
DA:34,0
DA:41,0
DA:47,0
DA:54,0
DA:61,0
DA:67,0
DA:74,0
DA:81,0
DA:88,0
LH:0
LF:12
end_of_record
SF:C:\Repos\retroachievements-api-net\src\RetroAchievements.Api\Response\Games\Records\GameClaim.cs
FN:17,get_Username()
FN:22,get_ClaimType()
FN:26,get_SetType()
FN:34,get_CreatedDate()
FN:42,get_ExpirationDate()
FNDA:0,get_Username()
FNDA:0,get_ClaimType()
FNDA:0,get_SetType()
FNDA:0,get_CreatedDate()
FNDA:0,get_ExpirationDate()
FNF:5
FNH:0
BRF:0
BRH:0
DA:17,0
DA:22,0
DA:26,0
DA:34,0
DA:42,0
LH:0
LF:5
end_of_record
SF:C:\Repos\retroachievements-api-net\src\RetroAchievements.Api\Response\Games\Records\GameRankAndScore.cs
FN:16,get_Username()
FN:23,get_AchievementsEarnedCount()
FN:29,get_TotalScore()
FN:36,get_LastAwardDate()
FNDA:0,get_Username()
FNDA:0,get_AchievementsEarnedCount()
FNDA:0,get_TotalScore()
FNDA:0,get_LastAwardDate()
FNF:4
FNH:0
BRF:0
BRH:0
DA:16,0
DA:23,0
DA:29,0
DA:36,0
LH:0
LF:4
end_of_record
SF:C:\Repos\retroachievements-api-net\src\RetroAchievements.Api\Response\Records\Achievement.cs
FN:16,get_Id()
FN:22,get_Title()
FN:28,get_Description()
FN:34,get_Points()
FN:41,get_TrueRatioPoints()
FN:48,get_AuthorUsername()
FN:55,get_DateCreated()
FN:62,get_DateModified()
FNDA:12,get_Id()
FNDA:32,get_Title()
FNDA:32,get_Description()
FNDA:8,get_Points()
FNDA:8,get_TrueRatioPoints()
FNDA:32,get_AuthorUsername()
FNDA:8,get_DateCreated()
FNDA:8,get_DateModified()
FNF:8
FNH:8
BRF:0
BRH:0
DA:16,12
DA:22,32
DA:28,32
DA:34,8
DA:41,8
DA:48,32
DA:55,8
DA:62,8
LH:8
LF:8
end_of_record
SF:C:\Repos\retroachievements-api-net\src\RetroAchievements.Api\Response\Records\Claim.cs
FN:17,get_Id()
FN:24,get_Username()
FN:31,get_GameId()
FN:37,get_GameTitle()
FN:43,get_GameIcon()
FN:50,get_ConsoleId()
FN:56,get_ConsoleName()
FN:60,get_ClaimType()
FN:64,get_SetType()
FN:68,get_Status()
FN:75,get_ExtensionsCount()
FN:81,get_Special()
FN:89,get_CreatedDate()
FN:101,get_DoneTime()
FN:109,get_UpdatedDate()
FN:117,get_UserIsJuniorDev()
FN:123,get_MinutesLeft()
FNDA:0,get_Id()
FNDA:0,get_Username()
FNDA:0,get_GameId()
FNDA:0,get_GameTitle()
FNDA:0,get_GameIcon()
FNDA:0,get_ConsoleId()
FNDA:0,get_ConsoleName()
FNDA:0,get_ClaimType()
FNDA:0,get_SetType()
FNDA:0,get_Status()
FNDA:0,get_ExtensionsCount()
FNDA:0,get_Special()
FNDA:0,get_CreatedDate()
FNDA:0,get_DoneTime()
FNDA:0,get_UpdatedDate()
FNDA:0,get_UserIsJuniorDev()
FNDA:0,get_MinutesLeft()
FNF:17
FNH:0
BRF:0
BRH:0
DA:17,0
DA:24,0
DA:31,0
DA:37,0
DA:43,0
DA:50,0
DA:56,0
DA:60,0
DA:64,0
DA:68,0
DA:75,0
DA:81,0
DA:89,0
DA:101,0
DA:109,0
DA:117,0
DA:123,0
LH:0
LF:17
end_of_record
SF:C:\Repos\retroachievements-api-net\src\RetroAchievements.Api\Response\Records\Console.cs
FN:15,get_Id()
FN:22,get_Name()
FNDA:8,get_Id()
FNDA:32,get_Name()
FNF:2
FNH:2
BRF:0
BRH:0
DA:15,8
DA:22,32
LH:2
LF:2
end_of_record
SF:C:\Repos\retroachievements-api-net\src\RetroAchievements.Api\Response\Tickets\Records\Ticket.cs
FN:16,get_Id()
FN:23,get_AchievementId()
FN:29,get_AchievementTitle()
FN:36,get_AchievementDescription()
FN:42,get_Points()
FN:48,get_BadgeName()
FN:54,get_AchievementAuthor()
FN:61,get_GameId()
FN:67,get_GameTitle()
FN:73,get_GameIcon()
FN:79,get_ConsoleName()
FN:87,get_ReportedDate()
FN:93,get_ReportType()
FN:99,get_ReportTypeDescription()
FN:105,get_ReportState()
FN:111,get_ReportStateDescription()
FN:119,get_IsHardcore()
FN:125,get_ReportNotes()
FN:131,get_ReportedBy()
FN:139,get_ResolvedDate()
FN:145,get_ResolvedBy()
FNDA:0,get_Id()
FNDA:0,get_AchievementId()
FNDA:0,get_AchievementTitle()
FNDA:0,get_AchievementDescription()
FNDA:0,get_Points()
FNDA:0,get_BadgeName()
FNDA:0,get_AchievementAuthor()
FNDA:0,get_GameId()
FNDA:0,get_GameTitle()
FNDA:0,get_GameIcon()
FNDA:0,get_ConsoleName()
FNDA:0,get_ReportedDate()
FNDA:0,get_ReportType()
FNDA:0,get_ReportTypeDescription()
FNDA:0,get_ReportState()
FNDA:0,get_ReportStateDescription()
FNDA:0,get_IsHardcore()
FNDA:0,get_ReportNotes()
FNDA:0,get_ReportedBy()
FNDA:0,get_ResolvedDate()
FNDA:0,get_ResolvedBy()
FNF:21
FNH:0
BRF:0
BRH:0
DA:16,0
DA:23,0
DA:29,0
DA:36,0
DA:42,0
DA:48,0
DA:54,0
DA:61,0
DA:67,0
DA:73,0
DA:79,0
DA:87,0
DA:93,0
DA:99,0
DA:105,0
DA:111,0
DA:119,0
DA:125,0
DA:131,0
DA:139,0
DA:145,0
LH:0
LF:21
end_of_record
SF:C:\Repos\retroachievements-api-net\src\RetroAchievements.Api\Response\Records\Unlock.cs
FN:16,get_Username()
FN:23,get_Points()
FN:30,get_DateAwarded()
FN:37,get_HardcoreMode()
FNDA:800,get_Username()
FNDA:400,get_Points()
FNDA:400,get_DateAwarded()
FNDA:400,get_HardcoreMode()
FNF:4
FNH:4
BRF:0
BRH:0
DA:16,800
DA:23,400
DA:30,400
DA:37,400
LH:4
LF:4
end_of_record
SF:C:\Repos\retroachievements-api-net\src\RetroAchievements.Api\Response\RetroAchievementsResponse.cs
FN:21,get_HttpStatusCode()
FN:25,get_FailedResponseString()
FN:9,.ctor()
FN:13,.ctor(System.Net.HttpStatusCode,System.String)
FNDA:110,get_HttpStatusCode()
FNDA:66,get_FailedResponseString()
FNDA:46,.ctor()
FNDA:0,.ctor(System.Net.HttpStatusCode,System.String)
FNF:4
FNH:3
BRF:0
BRH:0
DA:9,46
DA:10,23
DA:11,46
DA:13,0
DA:14,0
DA:15,0
DA:16,0
DA:17,0
DA:21,110
DA:25,66
LH:5
LF:10
end_of_record
SF:C:\Repos\retroachievements-api-net\src\RetroAchievements.Api\Response\Tickets\GetAchievementTicketDataResponse.cs
FN:15,get_AchievementId()
FN:21,get_AchievementTitle()
FN:27,get_AchievementDescription()
FN:33,get_OpenTicketsCount()
FN:40,get_Url()
FNDA:0,get_AchievementId()
FNDA:0,get_AchievementTitle()
FNDA:0,get_AchievementDescription()
FNDA:0,get_OpenTicketsCount()
FNDA:0,get_Url()
FNF:5
FNH:0
BRF:0
BRH:0
DA:15,0
DA:21,0
DA:27,0
DA:33,0
DA:40,0
LH:0
LF:5
end_of_record
SF:C:\Repos\retroachievements-api-net\src\RetroAchievements.Api\Response\Tickets\GetGamesWithMostTicketsResponse.cs
FN:16,get_MostReportedGames()
FN:23,get_Url()
FNDA:0,get_MostReportedGames()
FNDA:0,get_Url()
FNF:2
FNH:0
BRF:0
BRH:0
DA:16,0
DA:23,0
LH:0
LF:2
end_of_record
SF:C:\Repos\retroachievements-api-net\src\RetroAchievements.Api\Response\Tickets\GetGameTicketDataResponse.cs
FN:16,get_GameId()
FN:22,get_GameTitle()
FN:28,get_ConsoleName()
FN:35,get_OpenTicketsCount()
FN:42,get_Url()
FN:48,get_Tickets()
FNDA:0,get_GameId()
FNDA:0,get_GameTitle()
FNDA:0,get_ConsoleName()
FNDA:0,get_OpenTicketsCount()
FNDA:0,get_Url()
FNDA:0,get_Tickets()
FNF:6
FNH:0
BRF:0
BRH:0
DA:16,0
DA:22,0
DA:28,0
DA:35,0
DA:42,0
DA:48,0
LH:0
LF:6
end_of_record
SF:C:\Repos\retroachievements-api-net\src\RetroAchievements.Api\Response\Tickets\GetOpenTicketsResponse.cs
FN:16,get_RecentTickets()
FN:23,get_OpenTicketsCount()
FN:30,get_Url()
FNDA:0,get_RecentTickets()
FNDA:0,get_OpenTicketsCount()
FNDA:0,get_Url()
FNF:3
FNH:0
BRF:0
BRH:0
DA:16,0
DA:23,0
DA:30,0
LH:0
LF:3
end_of_record
SF:C:\Repos\retroachievements-api-net\src\RetroAchievements.Api\Response\Tickets\GetTicketDataResponse.cs
FN:16,get_Id()
FN:23,get_AchievementId()
FN:29,get_AchievementTitle()
FN:36,get_AchievementDescription()
FN:42,get_Points()
FN:48,get_BadgeName()
FN:54,get_AchievementAuthor()
FN:61,get_GameId()
FN:67,get_GameTitle()
FN:73,get_GameIcon()
FN:79,get_ConsoleName()
FN:87,get_ReportedDate()
FN:93,get_ReportType()
FN:99,get_ReportTypeDescription()
FN:105,get_ReportState()
FN:111,get_ReportStateDescription()
FN:119,get_IsHardcore()
FN:125,get_ReportNotes()
FN:131,get_ReportedBy()
FN:139,get_ResolvedDate()
FN:145,get_ResolvedBy()
FN:152,get_URL()
FNDA:0,get_Id()
FNDA:0,get_AchievementId()
FNDA:0,get_AchievementTitle()
FNDA:0,get_AchievementDescription()
FNDA:0,get_Points()
FNDA:0,get_BadgeName()
FNDA:0,get_AchievementAuthor()
FNDA:0,get_GameId()
FNDA:0,get_GameTitle()
FNDA:0,get_GameIcon()
FNDA:0,get_ConsoleName()
FNDA:0,get_ReportedDate()
FNDA:0,get_ReportType()
FNDA:0,get_ReportTypeDescription()
FNDA:0,get_ReportState()
FNDA:0,get_ReportStateDescription()
FNDA:0,get_IsHardcore()
FNDA:0,get_ReportNotes()
FNDA:0,get_ReportedBy()
FNDA:0,get_ResolvedDate()
FNDA:0,get_ResolvedBy()
FNDA:0,get_URL()
FNF:22
FNH:0
BRF:0
BRH:0
DA:16,0
DA:23,0
DA:29,0
DA:36,0
DA:42,0
DA:48,0
DA:54,0
DA:61,0
DA:67,0
DA:73,0
DA:79,0
DA:87,0
DA:93,0
DA:99,0
DA:105,0
DA:111,0
DA:119,0
DA:125,0
DA:131,0
DA:139,0
DA:145,0
DA:152,0
LH:0
LF:22
end_of_record
SF:C:\Repos\retroachievements-api-net\src\RetroAchievements.Api\Response\Tickets\GetUserTicketDataResponse.cs
FN:15,get_Username()
FN:22,get_OpenTicketsCount()
FN:29,get_ClosedTicketsCount()
FN:36,get_ResolvedTicketsCount()
FN:43,get_TotalTicketsCount()
FN:50,get_Url()
FNDA:0,get_Username()
FNDA:0,get_OpenTicketsCount()
FNDA:0,get_ClosedTicketsCount()
FNDA:0,get_ResolvedTicketsCount()
FNDA:0,get_TotalTicketsCount()
FNDA:0,get_Url()
FNF:6
FNH:0
BRF:0
BRH:0
DA:15,0
DA:22,0
DA:29,0
DA:36,0
DA:43,0
DA:50,0
LH:0
LF:6
end_of_record
SF:C:\Repos\retroachievements-api-net\src\RetroAchievements.Api\Response\Tickets\Records\Game.cs
FN:15,get_GameId()
FN:21,get_GameTitle()
FN:27,get_GameIcon()
FN:34,get_ConsoleName()
FN:41,get_OpenTicketsCount()
FNDA:0,get_GameId()
FNDA:0,get_GameTitle()
FNDA:0,get_GameIcon()
FNDA:0,get_ConsoleName()
FNDA:0,get_OpenTicketsCount()
FNF:5
FNH:0
BRF:0
BRH:0
DA:15,0
DA:21,0
DA:27,0
DA:34,0
DA:41,0
LH:0
LF:5
end_of_record
SF:C:\Repos\retroachievements-api-net\src\RetroAchievements.Api\Response\Feed\GetAchievementOfTheWeekResponse.cs
FN:14,get_Achievement()
FN:18,get_Console()
FN:25,get_StartAt()
FN:31,get_UnlocksCount()
FN:38,get_TotalPlayersCount()
FN:44,get_Unlocks()
FNDA:0,get_Achievement()
FNDA:0,get_Console()
FNDA:0,get_StartAt()
FNDA:0,get_UnlocksCount()
FNDA:0,get_TotalPlayersCount()
FNDA:0,get_Unlocks()
FNF:6
FNH:0
BRF:0
BRH:0
DA:14,0
DA:18,0
DA:25,0
DA:31,0
DA:38,0
DA:44,0
LH:0
LF:6
end_of_record
SF:C:\Repos\retroachievements-api-net\src\RetroAchievements.Api\Response\Users\GetUserAwardsResponse.cs
FN:15,get_TotalAwardsCount()
FN:21,get_HiddenAwardsCount()
FN:27,get_MasteryAwardsCount()
FN:33,get_CompletionAwardsCount()
FN:39,get_EventAwardsCount()
FN:45,get_SiteAwardsCount()
FN:51,get_VisibleUserAwards()
FNDA:0,get_TotalAwardsCount()
FNDA:0,get_HiddenAwardsCount()
FNDA:0,get_MasteryAwardsCount()
FNDA:0,get_CompletionAwardsCount()
FNDA:0,get_EventAwardsCount()
FNDA:0,get_SiteAwardsCount()
FNDA:0,get_VisibleUserAwards()
FNF:7
FNH:0
BRF:0
BRH:0
DA:15,0
DA:21,0
DA:27,0
DA:33,0
DA:39,0
DA:45,0
DA:51,0
LH:0
LF:7
end_of_record
SF:C:\Repos\retroachievements-api-net\src\RetroAchievements.Api\Response\Users\GetUserPointsResponse.cs
FN:15,get_HardcorePoints()
FN:21,get_SoftcorePoints()
FNDA:0,get_HardcorePoints()
FNDA:0,get_SoftcorePoints()
FNF:2
FNH:0
BRF:0
BRH:0
DA:15,0
DA:21,0
LH:0
LF:2
end_of_record
SF:C:\Repos\retroachievements-api-net\src\RetroAchievements.Api\Response\Users\GetUserRankAndPointsResponse.cs
FN:15,get_HardcorePoints()
FN:21,get_SoftcorePoints()
FN:27,get_Rank()
FN:33,get_TotalRanked()
FNDA:0,get_HardcorePoints()
FNDA:0,get_SoftcorePoints()
FNDA:0,get_Rank()
FNDA:0,get_TotalRanked()
FNF:4
FNH:0
BRF:0
BRH:0
DA:15,0
DA:21,0
DA:27,0
DA:33,0
LH:0
LF:4
end_of_record
SF:C:\Repos\retroachievements-api-net\src\RetroAchievements.Api\Response\Users\Records\GameProgress.cs
FN:16,get_GameId()
FN:22,get_Title()
FN:28,get_ImageIcon()
FN:35,get_ConsoleId()
FN:41,get_ConsoleName()
FN:48,get_GameAchievementsCount()
FN:57,get_AwardedAchievementsCount()
FN:65,get_EarnedAchievementsPercentage()
FN:72,get_HardcoreMode()
FNDA:0,get_GameId()
FNDA:0,get_Title()
FNDA:0,get_ImageIcon()
FNDA:0,get_ConsoleId()
FNDA:0,get_ConsoleName()
FNDA:0,get_GameAchievementsCount()
FNDA:0,get_AwardedAchievementsCount()
FNDA:0,get_EarnedAchievementsPercentage()
FNDA:0,get_HardcoreMode()
FNF:9
FNH:0
BRF:0
BRH:0
DA:16,0
DA:22,0
DA:28,0
DA:35,0
DA:41,0
DA:48,0
DA:57,0
DA:65,0
DA:72,0
LH:0
LF:9
end_of_record
SF:C:\Repos\retroachievements-api-net\src\RetroAchievements.Api\Response\Users\Records\GameRankAndScore.cs
FN:16,get_Username()
FN:23,get_TotalScore()
FN:31,get_LastAwardDate()
FN:37,get_UserRank()
FNDA:0,get_Username()
FNDA:0,get_TotalScore()
FNDA:0,get_LastAwardDate()
FNDA:0,get_UserRank()
FNF:4
FNH:0
BRF:0
BRH:0
DA:16,0
DA:23,0
DA:31,0
DA:37,0
LH:0
LF:4
end_of_record
SF:C:\Repos\retroachievements-api-net\src\RetroAchievements.Api\Response\Users\Records\UserAchievement.cs
FN:17,get_EarnedDate()
FN:24,get_HardcoreMode()
FN:31,get_AchievementId()
FN:37,get_Title()
FN:43,get_Description()
FN:49,get_Points()
FN:55,get_BadgeName()
FN:62,get_BadgeUrl()
FN:68,get_Author()
FN:75,get_GameId()
FN:81,get_GameTitle()
FN:87,get_GameIcon()
FN:93,get_ConsoleName()
FN:100,get_ScoreSum()
FN:107,get_GameUrl()
FNDA:0,get_EarnedDate()
FNDA:0,get_HardcoreMode()
FNDA:0,get_AchievementId()
FNDA:0,get_Title()
FNDA:0,get_Description()
FNDA:0,get_Points()
FNDA:0,get_BadgeName()
FNDA:0,get_BadgeUrl()
FNDA:0,get_Author()
FNDA:0,get_GameId()
FNDA:0,get_GameTitle()
FNDA:0,get_GameIcon()
FNDA:0,get_ConsoleName()
FNDA:0,get_ScoreSum()
FNDA:0,get_GameUrl()
FNF:15
FNH:0
BRF:0
BRH:0
DA:17,0
DA:24,0
DA:31,0
DA:37,0
DA:43,0
DA:49,0
DA:55,0
DA:62,0
DA:68,0
DA:75,0
DA:81,0
DA:87,0
DA:93,0
DA:100,0
DA:107,0
LH:0
LF:15
end_of_record
SF:C:\Repos\retroachievements-api-net\src\RetroAchievements.Api\Response\Users\Records\UserProgress.cs
FN:15,get_PossibleAchievements()
FN:21,get_PossibleScore()
FN:28,get_EarnedAchievements()
FN:35,get_EarnedScore()
FN:42,get_EarnedAchievementsHardcore()
FN:49,get_EarnedScoreHardcore()
FNDA:0,get_PossibleAchievements()
FNDA:0,get_PossibleScore()
FNDA:0,get_EarnedAchievements()
FNDA:0,get_EarnedScore()
FNDA:0,get_EarnedAchievementsHardcore()
FNDA:0,get_EarnedScoreHardcore()
FNF:6
FNH:0
BRF:0
BRH:0
DA:15,0
DA:21,0
DA:28,0
DA:35,0
DA:42,0
DA:49,0
LH:0
LF:6
end_of_record
SF:C:\Repos\retroachievements-api-net\src\RetroAchievements.Api\Response\Users\Records\VisibleUserAward.cs
FN:17,get_AwardedDate()
FN:23,get_AwardType()
FN:29,get_AwardData()
FN:35,get_AwardDataExtra()
FN:41,get_DisplayOrder()
FN:47,get_Title()
FN:53,get_ConsoleName()
FN:59,get_ImageIcon()
FNDA:0,get_AwardedDate()
FNDA:0,get_AwardType()
FNDA:0,get_AwardData()
FNDA:0,get_AwardDataExtra()
FNDA:0,get_DisplayOrder()
FNDA:0,get_Title()
FNDA:0,get_ConsoleName()
FNDA:0,get_ImageIcon()
FNF:8
FNH:0
BRF:0
BRH:0
DA:17,0
DA:23,0
DA:29,0
DA:35,0
DA:41,0
DA:47,0
DA:53,0
DA:59,0
LH:0
LF:8
end_of_record
SF:C:\Repos\retroachievements-api-net\src\RetroAchievements.Api\Response\Feed\GetTopTenUsersResponse.cs
FN:23,get_Username()
FN:30,get_TotalPoints()
FN:37,get_TotalWhitePoints()
FNDA:0,get_Username()
FNDA:0,get_TotalPoints()
FNDA:0,get_TotalWhitePoints()
FNF:3
FNH:0
BRF:0
BRH:0
DA:23,0
DA:30,0
DA:37,0
LH:0
LF:3
end_of_record
SF:C:\Repos\retroachievements-api-net\src\RetroAchievements.Api\RetroAchievementsAuthenticationData.cs
FN:5,get_UserName()
FN:6,get_WebApiKey()
FN:4,.ctor(System.String,System.String)
FNDA:50,get_UserName()
FNDA:50,get_WebApiKey()
FNDA:4,.ctor(System.String,System.String)
FNF:3
FNH:3
BRF:0
BRH:0
DA:4,4
DA:5,50
DA:6,50
DA:7,4
LH:4
LF:4
end_of_record
SF:C:\Repos\retroachievements-api-net\src\RetroAchievements.Api\RetroAchievementsHttpClient.cs
FN:44,get_AuthenticationData()
FN:54,SetAuthenticationData(RetroAchievements.Api.IRetroAchievementsAuthenticationData)
FN:64,RemoveAuthenticationData()
FN:83,HandleRequestCall(RetroAchievements.Api.Request.IRetroAchievementsRequest`1<TResponse>,RetroAchievements.Api.IRetroAchievementsAuthenticationData)
FN:97,ValidateAuthenticationData(RetroAchievements.Api.IRetroAchievementsAuthenticationData)
FN:105,Dispose()
FN:17,.ctor()
FN:24,.ctor(RetroAchievements.Api.IRetroAchievementsAuthenticationData)
FN:30,.ctor(System.Net.Http.HttpClient)
FN:38,.ctor(System.Net.Http.HttpClient,RetroAchievements.Api.IRetroAchievementsAuthenticationData)
FN:69,HandleRequestCallAsync()
FN:55,SetAuthenticationData(RetroAchievements.Api.IRetroAchievementsAuthenticationData)
FN:65,RemoveAuthenticationData()
FN:84,HandleRequestCall(RetroAchievements.Api.Request.IRetroAchievementsRequest`1<TResponse>,RetroAchievements.Api.IRetroAchievementsAuthenticationData)
FN:98,ValidateAuthenticationData(RetroAchievements.Api.IRetroAchievementsAuthenticationData)
FN:106,Dispose()
FN:70,HandleRequestCallAsync()
FNDA:56,get_AuthenticationData()
FNDA:4,SetAuthenticationData(RetroAchievements.Api.IRetroAchievementsAuthenticationData)
FNDA:0,RemoveAuthenticationData()
FNDA:12,HandleRequestCall(RetroAchievements.Api.Request.IRetroAchievementsRequest`1<TResponse>,RetroAchievements.Api.IRetroAchievementsAuthenticationData)
FNDA:25,ValidateAuthenticationData(RetroAchievements.Api.IRetroAchievementsAuthenticationData)
FNDA:0,Dispose()
FNDA:12,.ctor()
FNDA:3,.ctor(RetroAchievements.Api.IRetroAchievementsAuthenticationData)
FNDA:7,.ctor(System.Net.Http.HttpClient)
FNDA:4,.ctor(System.Net.Http.HttpClient,RetroAchievements.Api.IRetroAchievementsAuthenticationData)
FNDA:15,HandleRequestCallAsync()
FNDA:10,SetAuthenticationData(RetroAchievements.Api.IRetroAchievementsAuthenticationData)
FNDA:0,RemoveAuthenticationData()
FNDA:26,HandleRequestCall(RetroAchievements.Api.Request.IRetroAchievementsRequest`1<TResponse>,RetroAchievements.Api.IRetroAchievementsAuthenticationData)
FNDA:52,ValidateAuthenticationData(RetroAchievements.Api.IRetroAchievementsAuthenticationData)
FNDA:0,Dispose()
FNDA:32,HandleRequestCallAsync()
FNF:17
FNH:13
BRDA:98,98,83,7
BRDA:98,98,84,7
BRDA:98,98,85,4
BRDA:98,98,86,-
BRDA:69,69,87,3
BRDA:69,69,88,2
BRDA:70,70,89,4
BRDA:70,70,90,2
BRF:8
BRH:7
DA:17,12
DA:18,4
DA:19,12
DA:20,12
DA:24,3
DA:25,1
DA:26,3
DA:27,0
DA:30,7
DA:31,3
DA:32,7
DA:34,4
DA:35,4
DA:38,4
DA:39,2
DA:40,4
DA:41,4
DA:44,56
DA:47,19
DA:54,4
DA:55,10
DA:57,4
DA:58,4
DA:64,0
DA:65,0
DA:66,0
DA:69,15
DA:70,32
DA:71,29
DA:73,26
DA:74,26
DA:76,26
DA:77,26
DA:79,26
DA:80,26
DA:83,12
DA:84,26
DA:85,23
DA:87,20
DA:88,20
DA:90,20
DA:91,20
DA:93,20
DA:94,20
DA:97,25
DA:98,52
DA:99,52
DA:100,52
DA:101,23
DA:105,0
DA:106,0
DA:107,0
DA:108,0
LH:45
LF:53
end_of_record
SF:C:\Repos\retroachievements-api-net\src\RetroAchievements.Api\TicketsApi.cs
FN:21,GetTicketData(RetroAchievements.Api.RetroAchievementsHttpClient,System.Int32,RetroAchievements.Api.RetroAchievementsAuthenticationData)
FN:35,GetOpenTickets(RetroAchievements.Api.RetroAchievementsHttpClient,System.Int32,System.Int32,RetroAchievements.Api.RetroAchievementsAuthenticationData)
FN:49,GetGamesWithMostTickets(RetroAchievements.Api.RetroAchievementsHttpClient,System.Int32,System.Int32,RetroAchievements.Api.RetroAchievementsAuthenticationData)
FN:63,GetUserTicketData(RetroAchievements.Api.RetroAchievementsHttpClient,System.String,RetroAchievements.Api.RetroAchievementsAuthenticationData)
FN:77,GetGameTicketData(RetroAchievements.Api.RetroAchievementsHttpClient,System.Int32,RetroAchievements.Api.RetroAchievementsAuthenticationData)
FN:91,GetAchievementTicketData(RetroAchievements.Api.RetroAchievementsHttpClient,System.Int32,RetroAchievements.Api.RetroAchievementsAuthenticationData)
FN:85,GetAchievementTicketDataAsync()
FN:71,GetGameTicketDataAsync()
FN:43,GetGamesWithMostTicketsAsync()
FN:29,GetOpenTicketsAsync()
FN:15,GetTicketDataAsync()
FN:57,GetUserTicketDataAsync()
FN:22,GetTicketData(RetroAchievements.Api.RetroAchievementsHttpClient,System.Int32,RetroAchievements.Api.RetroAchievementsAuthenticationData)
FN:36,GetOpenTickets(RetroAchievements.Api.RetroAchievementsHttpClient,System.Int32,System.Int32,RetroAchievements.Api.RetroAchievementsAuthenticationData)
FN:50,GetGamesWithMostTickets(RetroAchievements.Api.RetroAchievementsHttpClient,System.Int32,System.Int32,RetroAchievements.Api.RetroAchievementsAuthenticationData)
FN:64,GetUserTicketData(RetroAchievements.Api.RetroAchievementsHttpClient,System.String,RetroAchievements.Api.RetroAchievementsAuthenticationData)
FN:78,GetGameTicketData(RetroAchievements.Api.RetroAchievementsHttpClient,System.Int32,RetroAchievements.Api.RetroAchievementsAuthenticationData)
FN:92,GetAchievementTicketData(RetroAchievements.Api.RetroAchievementsHttpClient,System.Int32,RetroAchievements.Api.RetroAchievementsAuthenticationData)
FN:86,GetAchievementTicketDataAsync()
FN:72,GetGameTicketDataAsync()
FN:44,GetGamesWithMostTicketsAsync()
FN:30,GetOpenTicketsAsync()
FN:16,GetTicketDataAsync()
FN:58,GetUserTicketDataAsync()
FNDA:0,GetTicketData(RetroAchievements.Api.RetroAchievementsHttpClient,System.Int32,RetroAchievements.Api.RetroAchievementsAuthenticationData)
FNDA:0,GetOpenTickets(RetroAchievements.Api.RetroAchievementsHttpClient,System.Int32,System.Int32,RetroAchievements.Api.RetroAchievementsAuthenticationData)
FNDA:0,GetGamesWithMostTickets(RetroAchievements.Api.RetroAchievementsHttpClient,System.Int32,System.Int32,RetroAchievements.Api.RetroAchievementsAuthenticationData)
FNDA:0,GetUserTicketData(RetroAchievements.Api.RetroAchievementsHttpClient,System.String,RetroAchievements.Api.RetroAchievementsAuthenticationData)
FNDA:0,GetGameTicketData(RetroAchievements.Api.RetroAchievementsHttpClient,System.Int32,RetroAchievements.Api.RetroAchievementsAuthenticationData)
FNDA:0,GetAchievementTicketData(RetroAchievements.Api.RetroAchievementsHttpClient,System.Int32,RetroAchievements.Api.RetroAchievementsAuthenticationData)
FNDA:0,GetAchievementTicketDataAsync()
FNDA:0,GetGameTicketDataAsync()
FNDA:0,GetGamesWithMostTicketsAsync()
FNDA:0,GetOpenTicketsAsync()
FNDA:0,GetTicketDataAsync()
FNDA:0,GetUserTicketDataAsync()
FNDA:0,GetTicketData(RetroAchievements.Api.RetroAchievementsHttpClient,System.Int32,RetroAchievements.Api.RetroAchievementsAuthenticationData)
FNDA:0,GetOpenTickets(RetroAchievements.Api.RetroAchievementsHttpClient,System.Int32,System.Int32,RetroAchievements.Api.RetroAchievementsAuthenticationData)
FNDA:0,GetGamesWithMostTickets(RetroAchievements.Api.RetroAchievementsHttpClient,System.Int32,System.Int32,RetroAchievements.Api.RetroAchievementsAuthenticationData)
FNDA:0,GetUserTicketData(RetroAchievements.Api.RetroAchievementsHttpClient,System.String,RetroAchievements.Api.RetroAchievementsAuthenticationData)
FNDA:0,GetGameTicketData(RetroAchievements.Api.RetroAchievementsHttpClient,System.Int32,RetroAchievements.Api.RetroAchievementsAuthenticationData)
FNDA:0,GetAchievementTicketData(RetroAchievements.Api.RetroAchievementsHttpClient,System.Int32,RetroAchievements.Api.RetroAchievementsAuthenticationData)
FNDA:0,GetAchievementTicketDataAsync()
FNDA:0,GetGameTicketDataAsync()
FNDA:0,GetGamesWithMostTicketsAsync()
FNDA:0,GetOpenTicketsAsync()
FNDA:0,GetTicketDataAsync()
FNDA:0,GetUserTicketDataAsync()
FNF:24
FNH:0
BRF:0
BRH:0
DA:15,0
DA:16,0
DA:17,0
DA:21,0
DA:22,0
DA:23,0
DA:29,0
DA:30,0
DA:31,0
DA:35,0
DA:36,0
DA:37,0
DA:43,0
DA:44,0
DA:45,0
DA:49,0
DA:50,0
DA:51,0
DA:57,0
DA:58,0
DA:59,0
DA:63,0
DA:64,0
DA:65,0
DA:71,0
DA:72,0
DA:73,0
DA:77,0
DA:78,0
DA:79,0
DA:85,0
DA:86,0
DA:87,0
DA:91,0
DA:92,0
DA:93,0
LH:0
LF:36
end_of_record
SF:C:\Repos\retroachievements-api-net\src\RetroAchievements.Api\UsersApi.cs
FN:20,GetAchievementsEarnedBetween(RetroAchievements.Api.RetroAchievementsHttpClient,System.String,System.DateTime,System.DateTime,RetroAchievements.Api.RetroAchievementsAuthenticationData)
FN:34,GetAchievementsEarnedOnDay(RetroAchievements.Api.RetroAchievementsHttpClient,System.String,System.DateTime,RetroAchievements.Api.RetroAchievementsAuthenticationData)
FN:48,GetUserAwards(RetroAchievements.Api.RetroAchievementsHttpClient,System.String,RetroAchievements.Api.RetroAchievementsAuthenticationData)
FN:62,GetUserClaims(RetroAchievements.Api.RetroAchievementsHttpClient,System.String,RetroAchievements.Api.RetroAchievementsAuthenticationData)
FN:76,GetUserAllGamesProgress(RetroAchievements.Api.RetroAchievementsHttpClient,System.String,RetroAchievements.Api.RetroAchievementsAuthenticationData)
FN:90,GetUserGameRankAndScore(RetroAchievements.Api.RetroAchievementsHttpClient,System.String,System.Int32,RetroAchievements.Api.RetroAchievementsAuthenticationData)
FN:104,GetUserPoints(RetroAchievements.Api.RetroAchievementsHttpClient,System.String,RetroAchievements.Api.RetroAchievementsAuthenticationData)
FN:118,GetRankAndPointsPoints(RetroAchievements.Api.RetroAchievementsHttpClient,System.String,RetroAchievements.Api.RetroAchievementsAuthenticationData)
FN:132,GetUserGamesProgress(RetroAchievements.Api.RetroAchievementsHttpClient,System.String,System.Collections.Generic.IEnumerable`1<System.Int32>,RetroAchievements.Api.RetroAchievementsAuthenticationData)
FN:146,GetUserRecentAchievements(RetroAchievements.Api.RetroAchievementsHttpClient,System.String,System.Int32,RetroAchievements.Api.RetroAchievementsAuthenticationData)
FN:14,GetAchievementsEarnedBetweenAsync()
FN:28,GetAchievementsEarnedOnDayAsync()
FN:70,GetUserAllGamesProgressAsync()
FN:42,GetUserAwardsAsync()
FN:56,GetUserClaimsAsync()
FN:84,GetUserGameRankAndScoreAsync()
FN:126,GetUserGamesProgressAsync()
FN:98,GetUserPointsAsync()
FN:112,GetUserRankAndPointsAsync()
FN:140,GetUserRecentAchievementsAsync()
FN:21,GetAchievementsEarnedBetween(RetroAchievements.Api.RetroAchievementsHttpClient,System.String,System.DateTime,System.DateTime,RetroAchievements.Api.RetroAchievementsAuthenticationData)
FN:35,GetAchievementsEarnedOnDay(RetroAchievements.Api.RetroAchievementsHttpClient,System.String,System.DateTime,RetroAchievements.Api.RetroAchievementsAuthenticationData)
FN:49,GetUserAwards(RetroAchievements.Api.RetroAchievementsHttpClient,System.String,RetroAchievements.Api.RetroAchievementsAuthenticationData)
FN:63,GetUserClaims(RetroAchievements.Api.RetroAchievementsHttpClient,System.String,RetroAchievements.Api.RetroAchievementsAuthenticationData)
FN:77,GetUserAllGamesProgress(RetroAchievements.Api.RetroAchievementsHttpClient,System.String,RetroAchievements.Api.RetroAchievementsAuthenticationData)
FN:91,GetUserGameRankAndScore(RetroAchievements.Api.RetroAchievementsHttpClient,System.String,System.Int32,RetroAchievements.Api.RetroAchievementsAuthenticationData)
FN:105,GetUserPoints(RetroAchievements.Api.RetroAchievementsHttpClient,System.String,RetroAchievements.Api.RetroAchievementsAuthenticationData)
FN:119,GetRankAndPointsPoints(RetroAchievements.Api.RetroAchievementsHttpClient,System.String,RetroAchievements.Api.RetroAchievementsAuthenticationData)
FN:133,GetUserGamesProgress(RetroAchievements.Api.RetroAchievementsHttpClient,System.String,System.Collections.Generic.IEnumerable`1<System.Int32>,RetroAchievements.Api.RetroAchievementsAuthenticationData)
FN:147,GetUserRecentAchievements(RetroAchievements.Api.RetroAchievementsHttpClient,System.String,System.Int32,RetroAchievements.Api.RetroAchievementsAuthenticationData)
FN:15,GetAchievementsEarnedBetweenAsync()
FN:29,GetAchievementsEarnedOnDayAsync()
FN:71,GetUserAllGamesProgressAsync()
FN:43,GetUserAwardsAsync()
FN:57,GetUserClaimsAsync()
FN:85,GetUserGameRankAndScoreAsync()
FN:127,GetUserGamesProgressAsync()
FN:99,GetUserPointsAsync()
FN:113,GetUserRankAndPointsAsync()
FN:141,GetUserRecentAchievementsAsync()
FNDA:0,GetAchievementsEarnedBetween(RetroAchievements.Api.RetroAchievementsHttpClient,System.String,System.DateTime,System.DateTime,RetroAchievements.Api.RetroAchievementsAuthenticationData)
FNDA:0,GetAchievementsEarnedOnDay(RetroAchievements.Api.RetroAchievementsHttpClient,System.String,System.DateTime,RetroAchievements.Api.RetroAchievementsAuthenticationData)
FNDA:0,GetUserAwards(RetroAchievements.Api.RetroAchievementsHttpClient,System.String,RetroAchievements.Api.RetroAchievementsAuthenticationData)
FNDA:0,GetUserClaims(RetroAchievements.Api.RetroAchievementsHttpClient,System.String,RetroAchievements.Api.RetroAchievementsAuthenticationData)
FNDA:0,GetUserAllGamesProgress(RetroAchievements.Api.RetroAchievementsHttpClient,System.String,RetroAchievements.Api.RetroAchievementsAuthenticationData)
FNDA:0,GetUserGameRankAndScore(RetroAchievements.Api.RetroAchievementsHttpClient,System.String,System.Int32,RetroAchievements.Api.RetroAchievementsAuthenticationData)
FNDA:0,GetUserPoints(RetroAchievements.Api.RetroAchievementsHttpClient,System.String,RetroAchievements.Api.RetroAchievementsAuthenticationData)
FNDA:0,GetRankAndPointsPoints(RetroAchievements.Api.RetroAchievementsHttpClient,System.String,RetroAchievements.Api.RetroAchievementsAuthenticationData)
FNDA:0,GetUserGamesProgress(RetroAchievements.Api.RetroAchievementsHttpClient,System.String,System.Collections.Generic.IEnumerable`1<System.Int32>,RetroAchievements.Api.RetroAchievementsAuthenticationData)
FNDA:0,GetUserRecentAchievements(RetroAchievements.Api.RetroAchievementsHttpClient,System.String,System.Int32,RetroAchievements.Api.RetroAchievementsAuthenticationData)
FNDA:0,GetAchievementsEarnedBetweenAsync()
FNDA:0,GetAchievementsEarnedOnDayAsync()
FNDA:0,GetUserAllGamesProgressAsync()
FNDA:0,GetUserAwardsAsync()
FNDA:0,GetUserClaimsAsync()
FNDA:0,GetUserGameRankAndScoreAsync()
FNDA:0,GetUserGamesProgressAsync()
FNDA:0,GetUserPointsAsync()
FNDA:0,GetUserRankAndPointsAsync()
FNDA:0,GetUserRecentAchievementsAsync()
FNDA:0,GetAchievementsEarnedBetween(RetroAchievements.Api.RetroAchievementsHttpClient,System.String,System.DateTime,System.DateTime,RetroAchievements.Api.RetroAchievementsAuthenticationData)
FNDA:0,GetAchievementsEarnedOnDay(RetroAchievements.Api.RetroAchievementsHttpClient,System.String,System.DateTime,RetroAchievements.Api.RetroAchievementsAuthenticationData)
FNDA:0,GetUserAwards(RetroAchievements.Api.RetroAchievementsHttpClient,System.String,RetroAchievements.Api.RetroAchievementsAuthenticationData)
FNDA:0,GetUserClaims(RetroAchievements.Api.RetroAchievementsHttpClient,System.String,RetroAchievements.Api.RetroAchievementsAuthenticationData)
FNDA:0,GetUserAllGamesProgress(RetroAchievements.Api.RetroAchievementsHttpClient,System.String,RetroAchievements.Api.RetroAchievementsAuthenticationData)
FNDA:0,GetUserGameRankAndScore(RetroAchievements.Api.RetroAchievementsHttpClient,System.String,System.Int32,RetroAchievements.Api.RetroAchievementsAuthenticationData)
FNDA:0,GetUserPoints(RetroAchievements.Api.RetroAchievementsHttpClient,System.String,RetroAchievements.Api.RetroAchievementsAuthenticationData)
FNDA:0,GetRankAndPointsPoints(RetroAchievements.Api.RetroAchievementsHttpClient,System.String,RetroAchievements.Api.RetroAchievementsAuthenticationData)
FNDA:0,GetUserGamesProgress(RetroAchievements.Api.RetroAchievementsHttpClient,System.String,System.Collections.Generic.IEnumerable`1<System.Int32>,RetroAchievements.Api.RetroAchievementsAuthenticationData)
FNDA:0,GetUserRecentAchievements(RetroAchievements.Api.RetroAchievementsHttpClient,System.String,System.Int32,RetroAchievements.Api.RetroAchievementsAuthenticationData)
FNDA:0,GetAchievementsEarnedBetweenAsync()
FNDA:0,GetAchievementsEarnedOnDayAsync()
FNDA:0,GetUserAllGamesProgressAsync()
FNDA:0,GetUserAwardsAsync()
FNDA:0,GetUserClaimsAsync()
FNDA:0,GetUserGameRankAndScoreAsync()
FNDA:0,GetUserGamesProgressAsync()
FNDA:0,GetUserPointsAsync()
FNDA:0,GetUserRankAndPointsAsync()
FNDA:0,GetUserRecentAchievementsAsync()
FNF:40
FNH:0
BRF:0
BRH:0
DA:14,0
DA:15,0
DA:16,0
DA:20,0
DA:21,0
DA:22,0
DA:28,0
DA:29,0
DA:30,0
DA:34,0
DA:35,0
DA:36,0
DA:42,0
DA:43,0
DA:44,0
DA:48,0
DA:49,0
DA:50,0
DA:56,0
DA:57,0
DA:58,0
DA:62,0
DA:63,0
DA:64,0
DA:70,0
DA:71,0
DA:72,0
DA:76,0
DA:77,0
DA:78,0
DA:84,0
DA:85,0
DA:86,0
DA:90,0
DA:91,0
DA:92,0
DA:98,0
DA:99,0
DA:100,0
DA:104,0
DA:105,0
DA:106,0
DA:112,0
DA:113,0
DA:114,0
DA:118,0
DA:119,0
DA:120,0
DA:126,0
DA:127,0
DA:128,0
DA:132,0
DA:133,0
DA:134,0
DA:140,0
DA:141,0
DA:142,0
DA:146,0
DA:147,0
DA:148,0
LH:0
LF:60
end_of_record
SF:C:\Repos\retroachievements-api-net\src\Tests\RetroAchievements.Api.Tests.Common\AssertResponses.cs
FN:10,AreEqual(RetroAchievements.Api.Response.IRetroAchievementResponse,RetroAchievements.Api.Response.IRetroAchievementResponse,RetroAchievements.Api.Response.IRetroAchievementResponse,RetroAchievements.Api.Response.IRetroAchievementResponse)
FN:11,AreEqual(RetroAchievements.Api.Response.IRetroAchievementResponse,RetroAchievements.Api.Response.IRetroAchievementResponse,RetroAchievements.Api.Response.IRetroAchievementResponse,RetroAchievements.Api.Response.IRetroAchievementResponse)
FNDA:5,AreEqual(RetroAchievements.Api.Response.IRetroAchievementResponse,RetroAchievements.Api.Response.IRetroAchievementResponse,RetroAchievements.Api.Response.IRetroAchievementResponse,RetroAchievements.Api.Response.IRetroAchievementResponse)
FNDA:10,AreEqual(RetroAchievements.Api.Response.IRetroAchievementResponse,RetroAchievements.Api.Response.IRetroAchievementResponse,RetroAchievements.Api.Response.IRetroAchievementResponse,RetroAchievements.Api.Response.IRetroAchievementResponse)
FNF:2
FNH:2
BRF:0
BRH:0
DA:10,5
DA:11,10
DA:12,10
DA:13,10
DA:14,10
DA:17,10
DA:18,10
DA:19,10
DA:20,10
LH:9
LF:9
end_of_record
SF:C:\Repos\retroachievements-api-net\src\Tests\RetroAchievements.Api.Tests.Common\TestHttpClient.cs
FN:53,Send(System.Net.Http.HttpRequestMessage,System.Threading.CancellationToken)
FN:30,.ctor()
FN:36,SendAsync()
FN:54,Send(System.Net.Http.HttpRequestMessage,System.Threading.CancellationToken)
FN:33,.ctor()
FN:37,SendAsync()
FNDA:10,Send(System.Net.Http.HttpRequestMessage,System.Threading.CancellationToken)
FNDA:2,.ctor()
FNDA:13,SendAsync()
FNDA:20,Send(System.Net.Http.HttpRequestMessage,System.Threading.CancellationToken)
FNDA:4,.ctor()
FNDA:26,SendAsync()
FNF:6
FNH:6
BRDA:54,54,91,4
BRDA:54,54,92,-
BRDA:37,37,93,4
BRDA:37,37,94,-
BRF:4
BRH:2
DA:30,2
DA:33,4
DA:36,13
DA:37,26
DA:38,0
DA:39,0
DA:40,0
DA:42,26
DA:44,26
DA:46,26
DA:48,26
DA:49,26
DA:50,26
DA:53,10
DA:54,20
DA:55,0
DA:56,0
DA:57,0
DA:59,20
DA:61,20
DA:63,20
DA:65,20
DA:67,20
DA:68,10
LH:18
LF:24
end_of_record
SF:C:\Repos\retroachievements-api-net\src\Tests\RetroAchievements.Api.Tests.Common\TestAuthenticationData.cs
FN:14,CreateFromSecrets()
FN:8,.cctor()
FN:15,CreateFromSecrets()
FNDA:2,CreateFromSecrets()
FNDA:4,.cctor()
FNDA:4,CreateFromSecrets()
FNF:3
FNH:3
BRDA:18,18,95,4
BRDA:18,18,96,-
BRDA:21,21,97,4
BRDA:21,21,98,-
BRF:4
BRH:2
DA:8,4
DA:9,4
DA:10,4
DA:11,4
DA:14,2
DA:15,4
DA:16,4
DA:18,4
DA:19,0
DA:21,4
DA:22,0
DA:25,4
DA:26,2
LH:11
LF:13
end_of_record
SF:C:\Repos\retroachievements-api-net\src\Tests\RetroAchievements.Api.Tests.Common\TestHttpClient.cs
FN:8,GetRetroAchievementsApiClient(RetroAchievements.Api.IRetroAchievementsAuthenticationData)
FN:9,GetRetroAchievementsApiClient(RetroAchievements.Api.IRetroAchievementsAuthenticationData)
FNDA:3,GetRetroAchievementsApiClient(RetroAchievements.Api.IRetroAchievementsAuthenticationData)
FNDA:6,GetRetroAchievementsApiClient(RetroAchievements.Api.IRetroAchievementsAuthenticationData)
FNF:2
FNH:2
BRDA:9,9,99,4
BRDA:9,9,100,4
BRDA:13,13,101,4
BRDA:13,13,102,-
BRF:4
BRH:3
DA:8,3
DA:9,6
DA:10,2
DA:11,4
DA:13,4
DA:14,4
DA:16,0
DA:17,2
DA:19,6
DA:20,3
LH:9
LF:10
end_of_record
